<?xml version="1.0" encoding="UTF-8"?>
<robot generator="Robot 7.2.2 (Python 3.13.2 on win32)" generated="2025-04-07T15:29:15.894893" rpa="false" schemaversion="5">
<suite id="s1" name="Api" source="C:\Users\italo.costa\Desktop\Quality Eagles\scripts_robot\academy-robot-api\api.robot">
<test id="s1-t1" name="TC01 - Login com sucesso ADM" line="20">
<kw name="Realizar Login">
<kw name="Create Dictionary" owner="BuiltIn">
<msg time="2025-04-07T15:29:17.283394" level="INFO">${body} = {'mail': 'sysadmin@qacoders.com', 'password': '1234@Test'}</msg>
<var>${body}</var>
<arg>mail=${email}</arg>
<arg>password=${senha}</arg>
<doc>Creates and returns a dictionary based on the given ``items``.</doc>
<status status="PASS" start="2025-04-07T15:29:17.282984" elapsed="0.000458"/>
</kw>
<kw name="Criar Sessao">
<kw name="Create Dictionary" owner="BuiltIn">
<msg time="2025-04-07T15:29:17.284080" level="INFO">${headers} = {'accept': 'application/json', 'Content-type': 'application/json'}</msg>
<var>${headers}</var>
<arg>accept=application/json</arg>
<arg>Content-type=application/json</arg>
<doc>Creates and returns a dictionary based on the given ``items``.</doc>
<status status="PASS" start="2025-04-07T15:29:17.283878" elapsed="0.000238"/>
</kw>
<kw name="Create Session" owner="RequestsLibrary">
<msg time="2025-04-07T15:29:17.284538" level="INFO">Creating Session using : alias=eagles, url=https://quality-eagles.qacoders.dev.br/api/, headers={'accept': 'application/json', 'Content-type': 'application/json'},                     cookies={}, auth=None, timeout=None, proxies=None, verify=True,                     debug=0 </msg>
<arg>alias=eagles</arg>
<arg>url=${baseUrl}</arg>
<arg>headers=${headers}</arg>
<arg>verify=True</arg>
<doc>Create Session: create a HTTP session to a server</doc>
<status status="PASS" start="2025-04-07T15:29:17.284247" elapsed="0.000506"/>
</kw>
<doc>Cria sessao inicial para usar na proxima request.</doc>
<status status="PASS" start="2025-04-07T15:29:17.283631" elapsed="0.001210"/>
</kw>
<kw name="POST On Session" owner="RequestsLibrary">
<msg time="2025-04-07T15:29:17.722593" level="INFO">POST Request : url=https://quality-eagles.qacoders.dev.br/api/login 
 path_url=/api/login 
 headers={'User-Agent': 'python-requests/2.32.3', 'Accept-Encoding': 'gzip, deflate', 'accept': 'application/json', 'Connection': 'keep-alive', 'Content-type': 'application/json', 'Content-Length': '58'} 
 body=b'{"mail": "sysadmin@qacoders.com", "password": "1234@Test"}' 
 </msg>
<msg time="2025-04-07T15:29:17.723021" level="INFO">POST Response : url=https://quality-eagles.qacoders.dev.br/api/login 
 status=200, reason=OK 
 headers={'Server': 'nginx/1.18.0 (Ubuntu)', 'Date': 'Mon, 07 Apr 2025 18:29:14 GMT', 'Content-Type': 'application/json; charset=utf-8', 'Transfer-Encoding': 'chunked', 'Connection': 'keep-alive', 'X-Powered-By': 'Express', 'Access-Control-Allow-Origin': '*', 'ETag': 'W/"534-boTePUXxtuZZxEaB19L8IhBFOlE"', 'Content-Encoding': 'gzip'} 
 body={"msg":"Olá Qa-Coders-SYSADMIN, autenticação autorizada com sucesso!","user":{"_id":"66db5e40e5a0015634f137e6","fullName":"Qa-Coders-SYSADMIN","mail":"sysadmin@qacoders.com","password":"$2b$10$jpalDaYRV.BZSVwj3LOa/.CaqX/BMQszQf47CfjzubAO5kEp6jp6K","accessProfile":"SYSADMIN","cpf":"11111111111","status":true,"audit":[{"registeredBy":{"userId":"111111111111111111","userLogin":"sysadmin@qacoders.com"},"registrationDate":"sexta-feira, 06/09/2024, 16:55:44 BRT","registrationNumber":"01","companyId":"Qa.Coders","_id":"66db5e40e5a0015634f137e7"}],"__v":0},"token":"eyJhbGciOiJIUzI1NiIsInR5cCI6IkpXVCJ9.eyJfaWQiOiI2NmRiNWU0MGU1YTAwMTU2MzRmMTM3ZTYiLCJmdWxsTmFtZSI6IlFhLUNvZGVycy1TWVNBRE1JTiIsIm1haWwiOiJzeXNhZG1pbkBxYWNvZGVycy5jb20iLCJwYXNzd29yZCI6IiQyYiQxMCRqcGFsRGFZUlYuQlpTVndqM0xPYS8uQ2FxWC9CTVFzelFmNDdDZmp6dWJBTzVrRXA2anA2SyIsImFjY2Vzc1Byb2ZpbGUiOiJTWVNBRE1JTiIsImNwZiI6IjExMTExMTExMTExIiwic3RhdHVzIjp0cnVlLCJhdWRpdCI6W3sicmVnaXN0ZXJlZEJ5Ijp7InVzZXJJZCI6IjExMTExMTExMTExMTExMTExMSIsInVzZXJMb2dpbiI6InN5c2FkbWluQHFhY29kZXJzLmNvbSJ9LCJyZWdpc3RyYXRpb25EYXRlIjoic2V4dGEtZmVpcmEsIDA2LzA5LzIwMjQsIDE2OjU1OjQ0IEJSVCIsInJlZ2lzdHJhdGlvbk51bWJlciI6IjAxIiwiY29tcGFueUlkIjoiUWEuQ29kZXJzIiwiX2lkIjoiNjZkYjVlNDBlNWEwMDE1NjM0ZjEzN2U3In1dLCJfX3YiOjAsImlhdCI6MTc0NDA1MDU1NCwiZXhwIjoxNzQ0MTM2OTU0fQ.TWvN_-IlO43nv8CEJMgFIRZgWFbHuM444Bv8dHPuw6c"} 
 </msg>
<msg time="2025-04-07T15:29:17.723510" level="INFO">${resposta} = &lt;Response [200]&gt;</msg>
<var>${resposta}</var>
<arg>alias=eagles</arg>
<arg>expected_status=any</arg>
<arg>url=login</arg>
<arg>json=${body}</arg>
<doc>Sends a POST request on a previously created HTTP Session.</doc>
<status status="PASS" start="2025-04-07T15:29:17.284946" elapsed="0.438675"/>
</kw>
<return>
<value>${resposta}</value>
<status status="PASS" start="2025-04-07T15:29:17.723892" elapsed="0.000186"/>
</return>
<msg time="2025-04-07T15:29:17.724729" level="INFO">${resposta} = &lt;Response [200]&gt;</msg>
<var>${resposta}</var>
<arg>email=${mailAdm}</arg>
<arg>senha=${passwordAdm}</arg>
<doc>Realizar Login</doc>
<status status="PASS" start="2025-04-07T15:29:17.282178" elapsed="0.442661"/>
</kw>
<kw name="Status Should Be" owner="RequestsLibrary">
<arg>200</arg>
<arg>${resposta}</arg>
<doc>Fails if response status code is different than the expected.</doc>
<status status="PASS" start="2025-04-07T15:29:17.726011" elapsed="0.001041"/>
</kw>
<kw name="Should Be Equal" owner="BuiltIn">
<arg>first=Olá Qa-Coders-SYSADMIN, autenticação autorizada com sucesso!</arg>
<arg>second=${resposta.json()['msg']}</arg>
<doc>Fails if the given objects are unequal.</doc>
<status status="PASS" start="2025-04-07T15:29:17.728194" elapsed="0.003380"/>
</kw>
<status status="PASS" start="2025-04-07T15:29:17.281217" elapsed="0.451281"/>
</test>
<test id="s1-t2" name="TC02 - Login com email valido e senha incorreta" line="25">
<kw name="Realizar Login">
<kw name="Create Dictionary" owner="BuiltIn">
<msg time="2025-04-07T15:29:17.738490" level="INFO">${body} = {'mail': 'sysadmin@qacoders.com', 'password': '12345@Test'}</msg>
<var>${body}</var>
<arg>mail=${email}</arg>
<arg>password=${senha}</arg>
<doc>Creates and returns a dictionary based on the given ``items``.</doc>
<status status="PASS" start="2025-04-07T15:29:17.737585" elapsed="0.001025"/>
</kw>
<kw name="Criar Sessao">
<kw name="Create Dictionary" owner="BuiltIn">
<msg time="2025-04-07T15:29:17.740517" level="INFO">${headers} = {'accept': 'application/json', 'Content-type': 'application/json'}</msg>
<var>${headers}</var>
<arg>accept=application/json</arg>
<arg>Content-type=application/json</arg>
<doc>Creates and returns a dictionary based on the given ``items``.</doc>
<status status="PASS" start="2025-04-07T15:29:17.739903" elapsed="0.000737"/>
</kw>
<kw name="Create Session" owner="RequestsLibrary">
<msg time="2025-04-07T15:29:17.741868" level="INFO">Creating Session using : alias=eagles, url=https://quality-eagles.qacoders.dev.br/api/, headers={'accept': 'application/json', 'Content-type': 'application/json'},                     cookies={}, auth=None, timeout=None, proxies=None, verify=True,                     debug=0 </msg>
<arg>alias=eagles</arg>
<arg>url=${baseUrl}</arg>
<arg>headers=${headers}</arg>
<arg>verify=True</arg>
<doc>Create Session: create a HTTP session to a server</doc>
<status status="PASS" start="2025-04-07T15:29:17.741033" elapsed="0.001372"/>
</kw>
<doc>Cria sessao inicial para usar na proxima request.</doc>
<status status="PASS" start="2025-04-07T15:29:17.739128" elapsed="0.003535"/>
</kw>
<kw name="POST On Session" owner="RequestsLibrary">
<msg time="2025-04-07T15:29:18.065190" level="INFO">POST Request : url=https://quality-eagles.qacoders.dev.br/api/login 
 path_url=/api/login 
 headers={'User-Agent': 'python-requests/2.32.3', 'Accept-Encoding': 'gzip, deflate', 'accept': 'application/json', 'Connection': 'keep-alive', 'Content-type': 'application/json', 'Content-Length': '59'} 
 body=b'{"mail": "sysadmin@qacoders.com", "password": "12345@Test"}' 
 </msg>
<msg time="2025-04-07T15:29:18.065471" level="INFO">POST Response : url=https://quality-eagles.qacoders.dev.br/api/login 
 status=400, reason=Bad Request 
 headers={'Server': 'nginx/1.18.0 (Ubuntu)', 'Date': 'Mon, 07 Apr 2025 18:29:15 GMT', 'Content-Type': 'application/json; charset=utf-8', 'Content-Length': '55', 'Connection': 'keep-alive', 'X-Powered-By': 'Express', 'Access-Control-Allow-Origin': '*', 'ETag': 'W/"37-9q6p8iabt/LayQQx7+su7bYXDck"'} 
 body={"alert":"E-mail ou senha informados são inválidos."} 
 </msg>
<msg time="2025-04-07T15:29:18.067668" level="INFO">${resposta} = &lt;Response [400]&gt;</msg>
<var>${resposta}</var>
<arg>alias=eagles</arg>
<arg>expected_status=any</arg>
<arg>url=login</arg>
<arg>json=${body}</arg>
<doc>Sends a POST request on a previously created HTTP Session.</doc>
<status status="PASS" start="2025-04-07T15:29:17.743014" elapsed="0.324776"/>
</kw>
<return>
<value>${resposta}</value>
<status status="PASS" start="2025-04-07T15:29:18.068050" elapsed="0.000175"/>
</return>
<msg time="2025-04-07T15:29:18.068743" level="INFO">${resposta} = &lt;Response [400]&gt;</msg>
<var>${resposta}</var>
<arg>email=${mailAdm}</arg>
<arg>senha=12345@Test</arg>
<doc>Realizar Login</doc>
<status status="PASS" start="2025-04-07T15:29:17.736411" elapsed="0.332436"/>
</kw>
<kw name="Status Should Be" owner="RequestsLibrary">
<arg>400</arg>
<arg>${resposta}</arg>
<doc>Fails if response status code is different than the expected.</doc>
<status status="PASS" start="2025-04-07T15:29:18.069869" elapsed="0.000754"/>
</kw>
<kw name="Should Be Equal" owner="BuiltIn">
<arg>first=E-mail ou senha informados são inválidos.</arg>
<arg>second=${resposta.json()['alert']}</arg>
<doc>Fails if the given objects are unequal.</doc>
<status status="PASS" start="2025-04-07T15:29:18.071679" elapsed="0.001994"/>
</kw>
<status status="PASS" start="2025-04-07T15:29:17.734682" elapsed="0.339964"/>
</test>
<test id="s1-t3" name="TC03 - Login com email invalido e senha invalida" line="30">
<kw name="Realizar Login">
<kw name="Create Dictionary" owner="BuiltIn">
<msg time="2025-04-07T15:29:18.080847" level="INFO">${body} = {'mail': 'email_qacoders.com', 'password': 'invalid1234'}</msg>
<var>${body}</var>
<arg>mail=${email}</arg>
<arg>password=${senha}</arg>
<doc>Creates and returns a dictionary based on the given ``items``.</doc>
<status status="PASS" start="2025-04-07T15:29:18.079915" elapsed="0.001058"/>
</kw>
<kw name="Criar Sessao">
<kw name="Create Dictionary" owner="BuiltIn">
<msg time="2025-04-07T15:29:18.082895" level="INFO">${headers} = {'accept': 'application/json', 'Content-type': 'application/json'}</msg>
<var>${headers}</var>
<arg>accept=application/json</arg>
<arg>Content-type=application/json</arg>
<doc>Creates and returns a dictionary based on the given ``items``.</doc>
<status status="PASS" start="2025-04-07T15:29:18.082282" elapsed="0.000718"/>
</kw>
<kw name="Create Session" owner="RequestsLibrary">
<msg time="2025-04-07T15:29:18.084208" level="INFO">Creating Session using : alias=eagles, url=https://quality-eagles.qacoders.dev.br/api/, headers={'accept': 'application/json', 'Content-type': 'application/json'},                     cookies={}, auth=None, timeout=None, proxies=None, verify=True,                     debug=0 </msg>
<arg>alias=eagles</arg>
<arg>url=${baseUrl}</arg>
<arg>headers=${headers}</arg>
<arg>verify=True</arg>
<doc>Create Session: create a HTTP session to a server</doc>
<status status="PASS" start="2025-04-07T15:29:18.083388" elapsed="0.001342"/>
</kw>
<doc>Cria sessao inicial para usar na proxima request.</doc>
<status status="PASS" start="2025-04-07T15:29:18.081495" elapsed="0.003499"/>
</kw>
<kw name="POST On Session" owner="RequestsLibrary">
<msg time="2025-04-07T15:29:18.361072" level="INFO">POST Request : url=https://quality-eagles.qacoders.dev.br/api/login 
 path_url=/api/login 
 headers={'User-Agent': 'python-requests/2.32.3', 'Accept-Encoding': 'gzip, deflate', 'accept': 'application/json', 'Connection': 'keep-alive', 'Content-type': 'application/json', 'Content-Length': '57'} 
 body=b'{"mail": "email_qacoders.com", "password": "invalid1234"}' 
 </msg>
<msg time="2025-04-07T15:29:18.361464" level="INFO">POST Response : url=https://quality-eagles.qacoders.dev.br/api/login 
 status=400, reason=Bad Request 
 headers={'Server': 'nginx/1.18.0 (Ubuntu)', 'Date': 'Mon, 07 Apr 2025 18:29:15 GMT', 'Content-Type': 'application/json; charset=utf-8', 'Content-Length': '55', 'Connection': 'keep-alive', 'X-Powered-By': 'Express', 'Access-Control-Allow-Origin': '*', 'ETag': 'W/"37-9q6p8iabt/LayQQx7+su7bYXDck"'} 
 body={"alert":"E-mail ou senha informados são inválidos."} 
 </msg>
<msg time="2025-04-07T15:29:18.361894" level="INFO">${resposta} = &lt;Response [400]&gt;</msg>
<var>${resposta}</var>
<arg>alias=eagles</arg>
<arg>expected_status=any</arg>
<arg>url=login</arg>
<arg>json=${body}</arg>
<doc>Sends a POST request on a previously created HTTP Session.</doc>
<status status="PASS" start="2025-04-07T15:29:18.085356" elapsed="0.276648"/>
</kw>
<return>
<value>${resposta}</value>
<status status="PASS" start="2025-04-07T15:29:18.362293" elapsed="0.000178"/>
</return>
<msg time="2025-04-07T15:29:18.363009" level="INFO">${resposta} = &lt;Response [400]&gt;</msg>
<var>${resposta}</var>
<arg>email=email_qacoders.com</arg>
<arg>senha=invalid1234</arg>
<doc>Realizar Login</doc>
<status status="PASS" start="2025-04-07T15:29:18.078701" elapsed="0.284408"/>
</kw>
<kw name="Status Should Be" owner="RequestsLibrary">
<arg>400</arg>
<arg>${resposta}</arg>
<doc>Fails if response status code is different than the expected.</doc>
<status status="PASS" start="2025-04-07T15:29:18.364091" elapsed="0.000697"/>
</kw>
<kw name="Should Be Equal" owner="BuiltIn">
<arg>first=E-mail ou senha informados são inválidos.</arg>
<arg>second=${resposta.json()['alert']}</arg>
<doc>Fails if the given objects are unequal.</doc>
<status status="PASS" start="2025-04-07T15:29:18.365674" elapsed="0.001853"/>
</kw>
<status status="PASS" start="2025-04-07T15:29:18.076894" elapsed="0.291511"/>
</test>
<test id="s1-t4" name="TC04 - Login com email invalido e senha válida" line="35">
<kw name="Realizar Login">
<kw name="Create Dictionary" owner="BuiltIn">
<msg time="2025-04-07T15:29:18.374271" level="INFO">${body} = {'mail': 'email_qacoders.com', 'password': '1234@Test'}</msg>
<var>${body}</var>
<arg>mail=${email}</arg>
<arg>password=${senha}</arg>
<doc>Creates and returns a dictionary based on the given ``items``.</doc>
<status status="PASS" start="2025-04-07T15:29:18.373408" elapsed="0.000977"/>
</kw>
<kw name="Criar Sessao">
<kw name="Create Dictionary" owner="BuiltIn">
<msg time="2025-04-07T15:29:18.376220" level="INFO">${headers} = {'accept': 'application/json', 'Content-type': 'application/json'}</msg>
<var>${headers}</var>
<arg>accept=application/json</arg>
<arg>Content-type=application/json</arg>
<doc>Creates and returns a dictionary based on the given ``items``.</doc>
<status status="PASS" start="2025-04-07T15:29:18.375614" elapsed="0.000709"/>
</kw>
<kw name="Create Session" owner="RequestsLibrary">
<msg time="2025-04-07T15:29:18.377518" level="INFO">Creating Session using : alias=eagles, url=https://quality-eagles.qacoders.dev.br/api/, headers={'accept': 'application/json', 'Content-type': 'application/json'},                     cookies={}, auth=None, timeout=None, proxies=None, verify=True,                     debug=0 </msg>
<arg>alias=eagles</arg>
<arg>url=${baseUrl}</arg>
<arg>headers=${headers}</arg>
<arg>verify=True</arg>
<doc>Create Session: create a HTTP session to a server</doc>
<status status="PASS" start="2025-04-07T15:29:18.376709" elapsed="0.001328"/>
</kw>
<doc>Cria sessao inicial para usar na proxima request.</doc>
<status status="PASS" start="2025-04-07T15:29:18.374875" elapsed="0.003425"/>
</kw>
<kw name="POST On Session" owner="RequestsLibrary">
<msg time="2025-04-07T15:29:18.653437" level="INFO">POST Request : url=https://quality-eagles.qacoders.dev.br/api/login 
 path_url=/api/login 
 headers={'User-Agent': 'python-requests/2.32.3', 'Accept-Encoding': 'gzip, deflate', 'accept': 'application/json', 'Connection': 'keep-alive', 'Content-type': 'application/json', 'Content-Length': '55'} 
 body=b'{"mail": "email_qacoders.com", "password": "1234@Test"}' 
 </msg>
<msg time="2025-04-07T15:29:18.653696" level="INFO">POST Response : url=https://quality-eagles.qacoders.dev.br/api/login 
 status=400, reason=Bad Request 
 headers={'Server': 'nginx/1.18.0 (Ubuntu)', 'Date': 'Mon, 07 Apr 2025 18:29:15 GMT', 'Content-Type': 'application/json; charset=utf-8', 'Content-Length': '55', 'Connection': 'keep-alive', 'X-Powered-By': 'Express', 'Access-Control-Allow-Origin': '*', 'ETag': 'W/"37-9q6p8iabt/LayQQx7+su7bYXDck"'} 
 body={"alert":"E-mail ou senha informados são inválidos."} 
 </msg>
<msg time="2025-04-07T15:29:18.654759" level="INFO">${resposta} = &lt;Response [400]&gt;</msg>
<var>${resposta}</var>
<arg>alias=eagles</arg>
<arg>expected_status=any</arg>
<arg>url=login</arg>
<arg>json=${body}</arg>
<doc>Sends a POST request on a previously created HTTP Session.</doc>
<status status="PASS" start="2025-04-07T15:29:18.378647" elapsed="0.276225"/>
</kw>
<return>
<value>${resposta}</value>
<status status="PASS" start="2025-04-07T15:29:18.655117" elapsed="0.000130"/>
</return>
<msg time="2025-04-07T15:29:18.655723" level="INFO">${resposta} = &lt;Response [400]&gt;</msg>
<var>${resposta}</var>
<arg>email=email_qacoders.com</arg>
<arg>senha=${passwordAdm}</arg>
<doc>Realizar Login</doc>
<status status="PASS" start="2025-04-07T15:29:18.372251" elapsed="0.283570"/>
</kw>
<kw name="Status Should Be" owner="RequestsLibrary">
<arg>400</arg>
<arg>${resposta}</arg>
<doc>Fails if response status code is different than the expected.</doc>
<status status="PASS" start="2025-04-07T15:29:18.657685" elapsed="0.000715"/>
</kw>
<kw name="Should Be Equal" owner="BuiltIn">
<arg>first=E-mail ou senha informados são inválidos.</arg>
<arg>second=${resposta.json()['alert']}</arg>
<doc>Fails if the given objects are unequal.</doc>
<status status="PASS" start="2025-04-07T15:29:18.659277" elapsed="0.001872"/>
</kw>
<status status="PASS" start="2025-04-07T15:29:18.370685" elapsed="0.291392"/>
</test>
<test id="s1-t5" name="TC05 - Cadastro de Usuário com Sucesso" line="40">
<kw name="Create User">
<kw name="Get Fake Person" owner="get_fake_person">
<msg time="2025-04-07T15:29:18.669292" level="INFO">${person} = {'name': 'Nicole Silveira', 'email': 'mariafernandes@example.net', 'cpf': '42871356955'}</msg>
<var>${person}</var>
<status status="PASS" start="2025-04-07T15:29:18.666588" elapsed="0.002829"/>
</kw>
<kw name="Pegar Token">
<kw name="Create Dictionary" owner="BuiltIn">
<msg time="2025-04-07T15:29:18.672355" level="INFO">${body} = {'mail': 'sysadmin@qacoders.com', 'password': '1234@Test'}</msg>
<var>${body}</var>
<arg>mail=${email}</arg>
<arg>password=${senha}</arg>
<doc>Creates and returns a dictionary based on the given ``items``.</doc>
<status status="PASS" start="2025-04-07T15:29:18.671137" elapsed="0.001345"/>
</kw>
<kw name="Criar Sessao">
<kw name="Create Dictionary" owner="BuiltIn">
<msg time="2025-04-07T15:29:18.674691" level="INFO">${headers} = {'accept': 'application/json', 'Content-type': 'application/json'}</msg>
<var>${headers}</var>
<arg>accept=application/json</arg>
<arg>Content-type=application/json</arg>
<doc>Creates and returns a dictionary based on the given ``items``.</doc>
<status status="PASS" start="2025-04-07T15:29:18.674029" elapsed="0.000771"/>
</kw>
<kw name="Create Session" owner="RequestsLibrary">
<msg time="2025-04-07T15:29:18.676007" level="INFO">Creating Session using : alias=eagles, url=https://quality-eagles.qacoders.dev.br/api/, headers={'accept': 'application/json', 'Content-type': 'application/json'},                     cookies={}, auth=None, timeout=None, proxies=None, verify=True,                     debug=0 </msg>
<arg>alias=eagles</arg>
<arg>url=${baseUrl}</arg>
<arg>headers=${headers}</arg>
<arg>verify=True</arg>
<doc>Create Session: create a HTTP session to a server</doc>
<status status="PASS" start="2025-04-07T15:29:18.675190" elapsed="0.001316"/>
</kw>
<doc>Cria sessao inicial para usar na proxima request.</doc>
<status status="PASS" start="2025-04-07T15:29:18.673218" elapsed="0.003552"/>
</kw>
<kw name="POST On Session" owner="RequestsLibrary">
<msg time="2025-04-07T15:29:18.985832" level="INFO">POST Request : url=https://quality-eagles.qacoders.dev.br/api/login 
 path_url=/api/login 
 headers={'User-Agent': 'python-requests/2.32.3', 'Accept-Encoding': 'gzip, deflate', 'accept': 'application/json', 'Connection': 'keep-alive', 'Content-type': 'application/json', 'Content-Length': '58'} 
 body=b'{"mail": "sysadmin@qacoders.com", "password": "1234@Test"}' 
 </msg>
<msg time="2025-04-07T15:29:18.986119" level="INFO">POST Response : url=https://quality-eagles.qacoders.dev.br/api/login 
 status=200, reason=OK 
 headers={'Server': 'nginx/1.18.0 (Ubuntu)', 'Date': 'Mon, 07 Apr 2025 18:29:15 GMT', 'Content-Type': 'application/json; charset=utf-8', 'Transfer-Encoding': 'chunked', 'Connection': 'keep-alive', 'X-Powered-By': 'Express', 'Access-Control-Allow-Origin': '*', 'ETag': 'W/"534-vhrfQz9PsGp/0o48z+9Vzbcsr+s"', 'Content-Encoding': 'gzip'} 
 body={"msg":"Olá Qa-Coders-SYSADMIN, autenticação autorizada com sucesso!","user":{"_id":"66db5e40e5a0015634f137e6","fullName":"Qa-Coders-SYSADMIN","mail":"sysadmin@qacoders.com","password":"$2b$10$jpalDaYRV.BZSVwj3LOa/.CaqX/BMQszQf47CfjzubAO5kEp6jp6K","accessProfile":"SYSADMIN","cpf":"11111111111","status":true,"audit":[{"registeredBy":{"userId":"111111111111111111","userLogin":"sysadmin@qacoders.com"},"registrationDate":"sexta-feira, 06/09/2024, 16:55:44 BRT","registrationNumber":"01","companyId":"Qa.Coders","_id":"66db5e40e5a0015634f137e7"}],"__v":0},"token":"eyJhbGciOiJIUzI1NiIsInR5cCI6IkpXVCJ9.eyJfaWQiOiI2NmRiNWU0MGU1YTAwMTU2MzRmMTM3ZTYiLCJmdWxsTmFtZSI6IlFhLUNvZGVycy1TWVNBRE1JTiIsIm1haWwiOiJzeXNhZG1pbkBxYWNvZGVycy5jb20iLCJwYXNzd29yZCI6IiQyYiQxMCRqcGFsRGFZUlYuQlpTVndqM0xPYS8uQ2FxWC9CTVFzelFmNDdDZmp6dWJBTzVrRXA2anA2SyIsImFjY2Vzc1Byb2ZpbGUiOiJTWVNBRE1JTiIsImNwZiI6IjExMTExMTExMTExIiwic3RhdHVzIjp0cnVlLCJhdWRpdCI6W3sicmVnaXN0ZXJlZEJ5Ijp7InVzZXJJZCI6IjExMTExMTExMTExMTExMTExMSIsInVzZXJMb2dpbiI6InN5c2FkbWluQHFhY29kZXJzLmNvbSJ9LCJyZWdpc3RyYXRpb25EYXRlIjoic2V4dGEtZmVpcmEsIDA2LzA5LzIwMjQsIDE2OjU1OjQ0IEJSVCIsInJlZ2lzdHJhdGlvbk51bWJlciI6IjAxIiwiY29tcGFueUlkIjoiUWEuQ29kZXJzIiwiX2lkIjoiNjZkYjVlNDBlNWEwMDE1NjM0ZjEzN2U3In1dLCJfX3YiOjAsImlhdCI6MTc0NDA1MDU1NSwiZXhwIjoxNzQ0MTM2OTU1fQ.g0wx-sKW9I_icwAVII9RGLZibemSRcR4bQBpgi1UgP4"} 
 </msg>
<msg time="2025-04-07T15:29:18.986595" level="INFO">${resposta} = &lt;Response [200]&gt;</msg>
<var>${resposta}</var>
<arg>alias=eagles</arg>
<arg>url=/login</arg>
<arg>json=${body}</arg>
<doc>Sends a POST request on a previously created HTTP Session.</doc>
<status status="PASS" start="2025-04-07T15:29:18.677113" elapsed="0.309590"/>
</kw>
<return>
<value>${resposta.json()['token']}</value>
<status status="PASS" start="2025-04-07T15:29:18.986934" elapsed="0.000133"/>
</return>
<msg time="2025-04-07T15:29:18.988811" level="INFO">${token} = eyJhbGciOiJIUzI1NiIsInR5cCI6IkpXVCJ9.eyJfaWQiOiI2NmRiNWU0MGU1YTAwMTU2MzRmMTM3ZTYiLCJmdWxsTmFtZSI6IlFhLUNvZGVycy1TWVNBRE1JTiIsIm1haWwiOiJzeXNhZG1pbkBxYWNvZGVycy5jb20iLCJwYXNzd29yZCI6IiQyYiQxMCRqcGFsRGF...</msg>
<var>${token}</var>
<arg>email=${mailAdm}</arg>
<arg>senha=${passwordAdm}</arg>
<doc>Request usada para pegar o token.</doc>
<status status="PASS" start="2025-04-07T15:29:18.669969" elapsed="0.318966"/>
</kw>
<kw name="Create Dictionary" owner="BuiltIn">
<msg time="2025-04-07T15:29:18.990798" level="INFO">${body} = {'fullName': 'Nicole Silveira', 'mail': 'mariafernandes@example.net', 'password': '1234@Test', 'accessProfile': 'ADMIN', 'cpf': '42871356955', 'confirmPassword': '1234@Test'}</msg>
<var>${body}</var>
<arg>fullName=${person}[name]</arg>
<arg>mail=${person}[email]</arg>
<arg>password=${passwordAdm}</arg>
<arg>accessProfile=ADMIN</arg>
<arg>cpf=${person}[cpf]</arg>
<arg>confirmPassword=${passwordAdm}</arg>
<doc>Creates and returns a dictionary based on the given ``items``.</doc>
<status status="PASS" start="2025-04-07T15:29:18.989393" elapsed="0.001518"/>
</kw>
<kw name="POST On Session" owner="RequestsLibrary">
<msg time="2025-04-07T15:29:19.166339" level="INFO">POST Request : url=https://quality-eagles.qacoders.dev.br/api/user/?token=eyJhbGciOiJIUzI1NiIsInR5cCI6IkpXVCJ9.eyJfaWQiOiI2NmRiNWU0MGU1YTAwMTU2MzRmMTM3ZTYiLCJmdWxsTmFtZSI6IlFhLUNvZGVycy1TWVNBRE1JTiIsIm1haWwiOiJzeXNhZG1pbkBxYWNvZGVycy5jb20iLCJwYXNzd29yZCI6IiQyYiQxMCRqcGFsRGFZUlYuQlpTVndqM0xPYS8uQ2FxWC9CTVFzelFmNDdDZmp6dWJBTzVrRXA2anA2SyIsImFjY2Vzc1Byb2ZpbGUiOiJTWVNBRE1JTiIsImNwZiI6IjExMTExMTExMTExIiwic3RhdHVzIjp0cnVlLCJhdWRpdCI6W3sicmVnaXN0ZXJlZEJ5Ijp7InVzZXJJZCI6IjExMTExMTExMTExMTExMTExMSIsInVzZXJMb2dpbiI6InN5c2FkbWluQHFhY29kZXJzLmNvbSJ9LCJyZWdpc3RyYXRpb25EYXRlIjoic2V4dGEtZmVpcmEsIDA2LzA5LzIwMjQsIDE2OjU1OjQ0IEJSVCIsInJlZ2lzdHJhdGlvbk51bWJlciI6IjAxIiwiY29tcGFueUlkIjoiUWEuQ29kZXJzIiwiX2lkIjoiNjZkYjVlNDBlNWEwMDE1NjM0ZjEzN2U3In1dLCJfX3YiOjAsImlhdCI6MTc0NDA1MDU1NSwiZXhwIjoxNzQ0MTM2OTU1fQ.g0wx-sKW9I_icwAVII9RGLZibemSRcR4bQBpgi1UgP4 
 path_url=/api/user/?token=eyJhbGciOiJIUzI1NiIsInR5cCI6IkpXVCJ9.eyJfaWQiOiI2NmRiNWU0MGU1YTAwMTU2MzRmMTM3ZTYiLCJmdWxsTmFtZSI6IlFhLUNvZGVycy1TWVNBRE1JTiIsIm1haWwiOiJzeXNhZG1pbkBxYWNvZGVycy5jb20iLCJwYXNzd29yZCI6IiQyYiQxMCRqcGFsRGFZUlYuQlpTVndqM0xPYS8uQ2FxWC9CTVFzelFmNDdDZmp6dWJBTzVrRXA2anA2SyIsImFjY2Vzc1Byb2ZpbGUiOiJTWVNBRE1JTiIsImNwZiI6IjExMTExMTExMTExIiwic3RhdHVzIjp0cnVlLCJhdWRpdCI6W3sicmVnaXN0ZXJlZEJ5Ijp7InVzZXJJZCI6IjExMTExMTExMTExMTExMTExMSIsInVzZXJMb2dpbiI6InN5c2FkbWluQHFhY29kZXJzLmNvbSJ9LCJyZWdpc3RyYXRpb25EYXRlIjoic2V4dGEtZmVpcmEsIDA2LzA5LzIwMjQsIDE2OjU1OjQ0IEJSVCIsInJlZ2lzdHJhdGlvbk51bWJlciI6IjAxIiwiY29tcGFueUlkIjoiUWEuQ29kZXJzIiwiX2lkIjoiNjZkYjVlNDBlNWEwMDE1NjM0ZjEzN2U3In1dLCJfX3YiOjAsImlhdCI6MTc0NDA1MDU1NSwiZXhwIjoxNzQ0MTM2OTU1fQ.g0wx-sKW9I_icwAVII9RGLZibemSRcR4bQBpgi1UgP4 
 headers={'User-Agent': 'python-requests/2.32.3', 'Accept-Encoding': 'gzip, deflate', 'accept': 'application/json', 'Connection': 'keep-alive', 'Content-type': 'application/json', 'Content-Length': '174'} 
 body=b'{"fullName": "Nicole Silveira", "mail": "mariafernandes@example.net", "password": "1234@Test", "accessProfile": "ADMIN", "cpf": "42871356955", "confirmPassword": "1234@Test"}' 
 </msg>
<msg time="2025-04-07T15:29:19.167153" level="INFO">POST Response : url=https://quality-eagles.qacoders.dev.br/api/user/?token=eyJhbGciOiJIUzI1NiIsInR5cCI6IkpXVCJ9.eyJfaWQiOiI2NmRiNWU0MGU1YTAwMTU2MzRmMTM3ZTYiLCJmdWxsTmFtZSI6IlFhLUNvZGVycy1TWVNBRE1JTiIsIm1haWwiOiJzeXNhZG1pbkBxYWNvZGVycy5jb20iLCJwYXNzd29yZCI6IiQyYiQxMCRqcGFsRGFZUlYuQlpTVndqM0xPYS8uQ2FxWC9CTVFzelFmNDdDZmp6dWJBTzVrRXA2anA2SyIsImFjY2Vzc1Byb2ZpbGUiOiJTWVNBRE1JTiIsImNwZiI6IjExMTExMTExMTExIiwic3RhdHVzIjp0cnVlLCJhdWRpdCI6W3sicmVnaXN0ZXJlZEJ5Ijp7InVzZXJJZCI6IjExMTExMTExMTExMTExMTExMSIsInVzZXJMb2dpbiI6InN5c2FkbWluQHFhY29kZXJzLmNvbSJ9LCJyZWdpc3RyYXRpb25EYXRlIjoic2V4dGEtZmVpcmEsIDA2LzA5LzIwMjQsIDE2OjU1OjQ0IEJSVCIsInJlZ2lzdHJhdGlvbk51bWJlciI6IjAxIiwiY29tcGFueUlkIjoiUWEuQ29kZXJzIiwiX2lkIjoiNjZkYjVlNDBlNWEwMDE1NjM0ZjEzN2U3In1dLCJfX3YiOjAsImlhdCI6MTc0NDA1MDU1NSwiZXhwIjoxNzQ0MTM2OTU1fQ.g0wx-sKW9I_icwAVII9RGLZibemSRcR4bQBpgi1UgP4 
 status=201, reason=Created 
 headers={'Server': 'nginx/1.18.0 (Ubuntu)', 'Date': 'Mon, 07 Apr 2025 18:29:16 GMT', 'Content-Type': 'application/json; charset=utf-8', 'Content-Length': '468', 'Connection': 'keep-alive', 'X-Powered-By': 'Express', 'Access-Control-Allow-Origin': '*', 'ETag': 'W/"1d4-E9msIKdJaVNGdyRqcn+1vWnW+ic"'} 
 body={"msg":"Olá Nicole Silveira, cadastro realizado com sucesso.","user":{"_id":"67f4197cff7ef081838c4135","fullName":"Nicole Silveira","mail":"mariafernandes@example.net","accessProfile":"ADMIN","cpf":"42871356955","status":true,"audit":[{"registeredBy":{"userId":"66db5e40e5a0015634f137e6","userLogin":"sysadmin@qacoders.com"},"registrationDate":"segunda-feira, 07/04/2025, 15:29:16 BRT","registrationNumber":"QaCoders-6541","_id":"67f4197cff7ef081838c4136"}],"__v":0}} 
 </msg>
<msg time="2025-04-07T15:29:19.167648" level="INFO">${resposta} = &lt;Response [201]&gt;</msg>
<var>${resposta}</var>
<arg>alias=eagles</arg>
<arg>expected_status=any</arg>
<arg>url=user/?token=${token}</arg>
<arg>json=${body}</arg>
<doc>Sends a POST request on a previously created HTTP Session.</doc>
<status status="PASS" start="2025-04-07T15:29:18.991342" elapsed="0.176415"/>
</kw>
<return>
<value>${resposta.json()['user']}</value>
<status status="PASS" start="2025-04-07T15:29:19.168001" elapsed="0.000135"/>
</return>
<msg time="2025-04-07T15:29:19.169838" level="INFO">${resposta} = {'_id': '67f4197cff7ef081838c4135', 'fullName': 'Nicole Silveira', 'mail': 'mariafernandes@example.net', 'accessProfile': 'ADMIN', 'cpf': '42871356955', 'status': True, 'audit': [{'registeredBy': {'us...</msg>
<var>${resposta}</var>
<doc>Keyword que cria um usuário</doc>
<status status="PASS" start="2025-04-07T15:29:18.665811" elapsed="0.504147"/>
</kw>
<kw name="Set Global Variable" owner="BuiltIn">
<msg time="2025-04-07T15:29:19.172896" level="INFO">${mailUser} = mariafernandes@example.net</msg>
<arg>${mailUser}</arg>
<arg>${resposta['mail']}</arg>
<doc>Makes a variable available globally in all tests and suites.</doc>
<status status="PASS" start="2025-04-07T15:29:19.170958" elapsed="0.002141"/>
</kw>
<kw name="Set Global Variable" owner="BuiltIn">
<msg time="2025-04-07T15:29:19.175857" level="INFO">${idUserCreated} = 67f4197cff7ef081838c4135</msg>
<arg>${idUserCreated}</arg>
<arg>${resposta['_id']}</arg>
<doc>Makes a variable available globally in all tests and suites.</doc>
<status status="PASS" start="2025-04-07T15:29:19.173984" elapsed="0.002060"/>
</kw>
<kw name="Log To Console" owner="BuiltIn">
<arg>message=ID do usuario criado: ${idUserCreated}</arg>
<doc>Logs the given message to the console.</doc>
<status status="PASS" start="2025-04-07T15:29:19.176906" elapsed="0.001167"/>
</kw>
<kw name="Log To Console" owner="BuiltIn">
<arg>message=Nome do usuario criado: ${resposta['fullName']}</arg>
<doc>Logs the given message to the console.</doc>
<status status="PASS" start="2025-04-07T15:29:19.178944" elapsed="0.002163"/>
</kw>
<kw name="Log To Console" owner="BuiltIn">
<arg>message=Email do usuario criado: ${mailUser}</arg>
<doc>Logs the given message to the console.</doc>
<status status="PASS" start="2025-04-07T15:29:19.181956" elapsed="0.001091"/>
</kw>
<status status="PASS" start="2025-04-07T15:29:18.664210" elapsed="0.519651"/>
</test>
<test id="s1-t6" name="TC06 - Login com Sucesso USER" line="48">
<kw name="Realizar Login">
<kw name="Create Dictionary" owner="BuiltIn">
<msg time="2025-04-07T15:29:19.190287" level="INFO">${body} = {'mail': 'mariafernandes@example.net', 'password': '1234@Test'}</msg>
<var>${body}</var>
<arg>mail=${email}</arg>
<arg>password=${senha}</arg>
<doc>Creates and returns a dictionary based on the given ``items``.</doc>
<status status="PASS" start="2025-04-07T15:29:19.189112" elapsed="0.001301"/>
</kw>
<kw name="Criar Sessao">
<kw name="Create Dictionary" owner="BuiltIn">
<msg time="2025-04-07T15:29:19.192401" level="INFO">${headers} = {'accept': 'application/json', 'Content-type': 'application/json'}</msg>
<var>${headers}</var>
<arg>accept=application/json</arg>
<arg>Content-type=application/json</arg>
<doc>Creates and returns a dictionary based on the given ``items``.</doc>
<status status="PASS" start="2025-04-07T15:29:19.191786" elapsed="0.000722"/>
</kw>
<kw name="Create Session" owner="RequestsLibrary">
<msg time="2025-04-07T15:29:19.193710" level="INFO">Creating Session using : alias=eagles, url=https://quality-eagles.qacoders.dev.br/api/, headers={'accept': 'application/json', 'Content-type': 'application/json'},                     cookies={}, auth=None, timeout=None, proxies=None, verify=True,                     debug=0 </msg>
<arg>alias=eagles</arg>
<arg>url=${baseUrl}</arg>
<arg>headers=${headers}</arg>
<arg>verify=True</arg>
<doc>Create Session: create a HTTP session to a server</doc>
<status status="PASS" start="2025-04-07T15:29:19.192898" elapsed="0.001345"/>
</kw>
<doc>Cria sessao inicial para usar na proxima request.</doc>
<status status="PASS" start="2025-04-07T15:29:19.190995" elapsed="0.003509"/>
</kw>
<kw name="POST On Session" owner="RequestsLibrary">
<msg time="2025-04-07T15:29:19.554141" level="INFO">POST Request : url=https://quality-eagles.qacoders.dev.br/api/login 
 path_url=/api/login 
 headers={'User-Agent': 'python-requests/2.32.3', 'Accept-Encoding': 'gzip, deflate', 'accept': 'application/json', 'Connection': 'keep-alive', 'Content-type': 'application/json', 'Content-Length': '63'} 
 body=b'{"mail": "mariafernandes@example.net", "password": "1234@Test"}' 
 </msg>
<msg time="2025-04-07T15:29:19.554432" level="INFO">POST Response : url=https://quality-eagles.qacoders.dev.br/api/login 
 status=200, reason=OK 
 headers={'Server': 'nginx/1.18.0 (Ubuntu)', 'Date': 'Mon, 07 Apr 2025 18:29:16 GMT', 'Content-Type': 'application/json; charset=utf-8', 'Transfer-Encoding': 'chunked', 'Connection': 'keep-alive', 'X-Powered-By': 'Express', 'Access-Control-Allow-Origin': '*', 'ETag': 'W/"523-yRDCnDHMkudjINMXZl+gBwglpDE"', 'Content-Encoding': 'gzip'} 
 body={"msg":"Olá Nicole Silveira, autenticação autorizada com sucesso!","user":{"_id":"67f4197cff7ef081838c4135","fullName":"Nicole Silveira","mail":"mariafernandes@example.net","password":"$2b$10$bEHytWToA9CIdVutlgXWa.VbHpLX54uT6heKzIYrsha9sGJnZs5Py","accessProfile":"ADMIN","cpf":"42871356955","status":true,"audit":[{"registeredBy":{"userId":"66db5e40e5a0015634f137e6","userLogin":"sysadmin@qacoders.com"},"registrationDate":"segunda-feira, 07/04/2025, 15:29:16 BRT","registrationNumber":"QaCoders-6541","_id":"67f4197cff7ef081838c4136"}],"__v":0},"token":"eyJhbGciOiJIUzI1NiIsInR5cCI6IkpXVCJ9.eyJfaWQiOiI2N2Y0MTk3Y2ZmN2VmMDgxODM4YzQxMzUiLCJmdWxsTmFtZSI6Ik5pY29sZSBTaWx2ZWlyYSIsIm1haWwiOiJtYXJpYWZlcm5hbmRlc0BleGFtcGxlLm5ldCIsInBhc3N3b3JkIjoiJDJiJDEwJGJFSHl0V1RvQTlDSWRWdXRsZ1hXYS5WYkhwTFg1NHVUNmhlS3pJWXJzaGE5c0dKblpzNVB5IiwiYWNjZXNzUHJvZmlsZSI6IkFETUlOIiwiY3BmIjoiNDI4NzEzNTY5NTUiLCJzdGF0dXMiOnRydWUsImF1ZGl0IjpbeyJyZWdpc3RlcmVkQnkiOnsidXNlcklkIjoiNjZkYjVlNDBlNWEwMDE1NjM0ZjEzN2U2IiwidXNlckxvZ2luIjoic3lzYWRtaW5AcWFjb2RlcnMuY29tIn0sInJlZ2lzdHJhdGlvbkRhdGUiOiJzZWd1bmRhLWZlaXJhLCAwNy8wNC8yMDI1LCAxNToyOToxNiBCUlQiLCJyZWdpc3RyYXRpb25OdW1iZXIiOiJRYUNvZGVycy02NTQxIiwiX2lkIjoiNjdmNDE5N2NmZjdlZjA4MTgzOGM0MTM2In1dLCJfX3YiOjAsImlhdCI6MTc0NDA1MDU1NiwiZXhwIjoxNzQ0MTM2OTU2fQ.aQxPRXWQp-fxpwn0-3lc5V7dikOKfTNI8T1XCkxFd4c"} 
 </msg>
<msg time="2025-04-07T15:29:19.555603" level="INFO">${resposta} = &lt;Response [200]&gt;</msg>
<var>${resposta}</var>
<arg>alias=eagles</arg>
<arg>expected_status=any</arg>
<arg>url=login</arg>
<arg>json=${body}</arg>
<doc>Sends a POST request on a previously created HTTP Session.</doc>
<status status="PASS" start="2025-04-07T15:29:19.194846" elapsed="0.360873"/>
</kw>
<return>
<value>${resposta}</value>
<status status="PASS" start="2025-04-07T15:29:19.555970" elapsed="0.000137"/>
</return>
<msg time="2025-04-07T15:29:19.556589" level="INFO">${resposta} = &lt;Response [200]&gt;</msg>
<var>${resposta}</var>
<arg>email=${mailUser}</arg>
<arg>senha=1234@Test</arg>
<doc>Realizar Login</doc>
<status status="PASS" start="2025-04-07T15:29:19.187444" elapsed="0.369245"/>
</kw>
<kw name="Status Should Be" owner="RequestsLibrary">
<arg>200</arg>
<arg>${resposta}</arg>
<doc>Fails if response status code is different than the expected.</doc>
<status status="PASS" start="2025-04-07T15:29:19.557804" elapsed="0.000682"/>
</kw>
<status status="PASS" start="2025-04-07T15:29:19.185924" elapsed="0.373455"/>
</test>
<test id="s1-t7" name="TC07 - Atualizar Usuário por ID com Sucesso" line="53">
<kw name="Update User">
<kw name="Pegar Token">
<kw name="Create Dictionary" owner="BuiltIn">
<msg time="2025-04-07T15:29:19.566854" level="INFO">${body} = {'mail': 'mariafernandes@example.net', 'password': '1234@Test'}</msg>
<var>${body}</var>
<arg>mail=${email}</arg>
<arg>password=${senha}</arg>
<doc>Creates and returns a dictionary based on the given ``items``.</doc>
<status status="PASS" start="2025-04-07T15:29:19.566007" elapsed="0.000961"/>
</kw>
<kw name="Criar Sessao">
<kw name="Create Dictionary" owner="BuiltIn">
<msg time="2025-04-07T15:29:19.568835" level="INFO">${headers} = {'accept': 'application/json', 'Content-type': 'application/json'}</msg>
<var>${headers}</var>
<arg>accept=application/json</arg>
<arg>Content-type=application/json</arg>
<doc>Creates and returns a dictionary based on the given ``items``.</doc>
<status status="PASS" start="2025-04-07T15:29:19.568219" elapsed="0.000738"/>
</kw>
<kw name="Create Session" owner="RequestsLibrary">
<msg time="2025-04-07T15:29:19.570173" level="INFO">Creating Session using : alias=eagles, url=https://quality-eagles.qacoders.dev.br/api/, headers={'accept': 'application/json', 'Content-type': 'application/json'},                     cookies={}, auth=None, timeout=None, proxies=None, verify=True,                     debug=0 </msg>
<arg>alias=eagles</arg>
<arg>url=${baseUrl}</arg>
<arg>headers=${headers}</arg>
<arg>verify=True</arg>
<doc>Create Session: create a HTTP session to a server</doc>
<status status="PASS" start="2025-04-07T15:29:19.569349" elapsed="0.001339"/>
</kw>
<doc>Cria sessao inicial para usar na proxima request.</doc>
<status status="PASS" start="2025-04-07T15:29:19.567456" elapsed="0.003497"/>
</kw>
<kw name="POST On Session" owner="RequestsLibrary">
<msg time="2025-04-07T15:29:19.958646" level="INFO">POST Request : url=https://quality-eagles.qacoders.dev.br/api/login 
 path_url=/api/login 
 headers={'User-Agent': 'python-requests/2.32.3', 'Accept-Encoding': 'gzip, deflate', 'accept': 'application/json', 'Connection': 'keep-alive', 'Content-type': 'application/json', 'Content-Length': '63'} 
 body=b'{"mail": "mariafernandes@example.net", "password": "1234@Test"}' 
 </msg>
<msg time="2025-04-07T15:29:19.958958" level="INFO">POST Response : url=https://quality-eagles.qacoders.dev.br/api/login 
 status=200, reason=OK 
 headers={'Server': 'nginx/1.18.0 (Ubuntu)', 'Date': 'Mon, 07 Apr 2025 18:29:16 GMT', 'Content-Type': 'application/json; charset=utf-8', 'Transfer-Encoding': 'chunked', 'Connection': 'keep-alive', 'X-Powered-By': 'Express', 'Access-Control-Allow-Origin': '*', 'ETag': 'W/"523-yRDCnDHMkudjINMXZl+gBwglpDE"', 'Content-Encoding': 'gzip'} 
 body={"msg":"Olá Nicole Silveira, autenticação autorizada com sucesso!","user":{"_id":"67f4197cff7ef081838c4135","fullName":"Nicole Silveira","mail":"mariafernandes@example.net","password":"$2b$10$bEHytWToA9CIdVutlgXWa.VbHpLX54uT6heKzIYrsha9sGJnZs5Py","accessProfile":"ADMIN","cpf":"42871356955","status":true,"audit":[{"registeredBy":{"userId":"66db5e40e5a0015634f137e6","userLogin":"sysadmin@qacoders.com"},"registrationDate":"segunda-feira, 07/04/2025, 15:29:16 BRT","registrationNumber":"QaCoders-6541","_id":"67f4197cff7ef081838c4136"}],"__v":0},"token":"eyJhbGciOiJIUzI1NiIsInR5cCI6IkpXVCJ9.eyJfaWQiOiI2N2Y0MTk3Y2ZmN2VmMDgxODM4YzQxMzUiLCJmdWxsTmFtZSI6Ik5pY29sZSBTaWx2ZWlyYSIsIm1haWwiOiJtYXJpYWZlcm5hbmRlc0BleGFtcGxlLm5ldCIsInBhc3N3b3JkIjoiJDJiJDEwJGJFSHl0V1RvQTlDSWRWdXRsZ1hXYS5WYkhwTFg1NHVUNmhlS3pJWXJzaGE5c0dKblpzNVB5IiwiYWNjZXNzUHJvZmlsZSI6IkFETUlOIiwiY3BmIjoiNDI4NzEzNTY5NTUiLCJzdGF0dXMiOnRydWUsImF1ZGl0IjpbeyJyZWdpc3RlcmVkQnkiOnsidXNlcklkIjoiNjZkYjVlNDBlNWEwMDE1NjM0ZjEzN2U2IiwidXNlckxvZ2luIjoic3lzYWRtaW5AcWFjb2RlcnMuY29tIn0sInJlZ2lzdHJhdGlvbkRhdGUiOiJzZWd1bmRhLWZlaXJhLCAwNy8wNC8yMDI1LCAxNToyOToxNiBCUlQiLCJyZWdpc3RyYXRpb25OdW1iZXIiOiJRYUNvZGVycy02NTQxIiwiX2lkIjoiNjdmNDE5N2NmZjdlZjA4MTgzOGM0MTM2In1dLCJfX3YiOjAsImlhdCI6MTc0NDA1MDU1NiwiZXhwIjoxNzQ0MTM2OTU2fQ.aQxPRXWQp-fxpwn0-3lc5V7dikOKfTNI8T1XCkxFd4c"} 
 </msg>
<msg time="2025-04-07T15:29:19.959431" level="INFO">${resposta} = &lt;Response [200]&gt;</msg>
<var>${resposta}</var>
<arg>alias=eagles</arg>
<arg>url=/login</arg>
<arg>json=${body}</arg>
<doc>Sends a POST request on a previously created HTTP Session.</doc>
<status status="PASS" start="2025-04-07T15:29:19.571297" elapsed="0.388242"/>
</kw>
<return>
<value>${resposta.json()['token']}</value>
<status status="PASS" start="2025-04-07T15:29:19.959773" elapsed="0.000137"/>
</return>
<msg time="2025-04-07T15:29:19.961569" level="INFO">${token} = eyJhbGciOiJIUzI1NiIsInR5cCI6IkpXVCJ9.eyJfaWQiOiI2N2Y0MTk3Y2ZmN2VmMDgxODM4YzQxMzUiLCJmdWxsTmFtZSI6Ik5pY29sZSBTaWx2ZWlyYSIsIm1haWwiOiJtYXJpYWZlcm5hbmRlc0BleGFtcGxlLm5ldCIsInBhc3N3b3JkIjoiJDJiJDEwJGJFSHl...</msg>
<var>${token}</var>
<arg>email=${mailUser}</arg>
<arg>senha=1234@Test</arg>
<doc>Request usada para pegar o token.</doc>
<status status="PASS" start="2025-04-07T15:29:19.564993" elapsed="0.396696"/>
</kw>
<kw name="Create Dictionary" owner="BuiltIn">
<msg time="2025-04-07T15:29:19.962940" level="INFO">${body} = {'fullName': 'Nome Alterado Teste', 'mail': 'mariafernandes@example.net'}</msg>
<var>${body}</var>
<arg>fullName=Nome Alterado Teste</arg>
<arg>mail=${mailUser}</arg>
<doc>Creates and returns a dictionary based on the given ``items``.</doc>
<status status="PASS" start="2025-04-07T15:29:19.962141" elapsed="0.000905"/>
</kw>
<kw name="PUT On Session" owner="RequestsLibrary">
<msg time="2025-04-07T15:29:20.086098" level="INFO">PUT Request : url=https://quality-eagles.qacoders.dev.br/api/user/67f4197cff7ef081838c4135?token=eyJhbGciOiJIUzI1NiIsInR5cCI6IkpXVCJ9.eyJfaWQiOiI2N2Y0MTk3Y2ZmN2VmMDgxODM4YzQxMzUiLCJmdWxsTmFtZSI6Ik5pY29sZSBTaWx2ZWlyYSIsIm1haWwiOiJtYXJpYWZlcm5hbmRlc0BleGFtcGxlLm5ldCIsInBhc3N3b3JkIjoiJDJiJDEwJGJFSHl0V1RvQTlDSWRWdXRsZ1hXYS5WYkhwTFg1NHVUNmhlS3pJWXJzaGE5c0dKblpzNVB5IiwiYWNjZXNzUHJvZmlsZSI6IkFETUlOIiwiY3BmIjoiNDI4NzEzNTY5NTUiLCJzdGF0dXMiOnRydWUsImF1ZGl0IjpbeyJyZWdpc3RlcmVkQnkiOnsidXNlcklkIjoiNjZkYjVlNDBlNWEwMDE1NjM0ZjEzN2U2IiwidXNlckxvZ2luIjoic3lzYWRtaW5AcWFjb2RlcnMuY29tIn0sInJlZ2lzdHJhdGlvbkRhdGUiOiJzZWd1bmRhLWZlaXJhLCAwNy8wNC8yMDI1LCAxNToyOToxNiBCUlQiLCJyZWdpc3RyYXRpb25OdW1iZXIiOiJRYUNvZGVycy02NTQxIiwiX2lkIjoiNjdmNDE5N2NmZjdlZjA4MTgzOGM0MTM2In1dLCJfX3YiOjAsImlhdCI6MTc0NDA1MDU1NiwiZXhwIjoxNzQ0MTM2OTU2fQ.aQxPRXWQp-fxpwn0-3lc5V7dikOKfTNI8T1XCkxFd4c 
 path_url=/api/user/67f4197cff7ef081838c4135?token=eyJhbGciOiJIUzI1NiIsInR5cCI6IkpXVCJ9.eyJfaWQiOiI2N2Y0MTk3Y2ZmN2VmMDgxODM4YzQxMzUiLCJmdWxsTmFtZSI6Ik5pY29sZSBTaWx2ZWlyYSIsIm1haWwiOiJtYXJpYWZlcm5hbmRlc0BleGFtcGxlLm5ldCIsInBhc3N3b3JkIjoiJDJiJDEwJGJFSHl0V1RvQTlDSWRWdXRsZ1hXYS5WYkhwTFg1NHVUNmhlS3pJWXJzaGE5c0dKblpzNVB5IiwiYWNjZXNzUHJvZmlsZSI6IkFETUlOIiwiY3BmIjoiNDI4NzEzNTY5NTUiLCJzdGF0dXMiOnRydWUsImF1ZGl0IjpbeyJyZWdpc3RlcmVkQnkiOnsidXNlcklkIjoiNjZkYjVlNDBlNWEwMDE1NjM0ZjEzN2U2IiwidXNlckxvZ2luIjoic3lzYWRtaW5AcWFjb2RlcnMuY29tIn0sInJlZ2lzdHJhdGlvbkRhdGUiOiJzZWd1bmRhLWZlaXJhLCAwNy8wNC8yMDI1LCAxNToyOToxNiBCUlQiLCJyZWdpc3RyYXRpb25OdW1iZXIiOiJRYUNvZGVycy02NTQxIiwiX2lkIjoiNjdmNDE5N2NmZjdlZjA4MTgzOGM0MTM2In1dLCJfX3YiOjAsImlhdCI6MTc0NDA1MDU1NiwiZXhwIjoxNzQ0MTM2OTU2fQ.aQxPRXWQp-fxpwn0-3lc5V7dikOKfTNI8T1XCkxFd4c 
 headers={'User-Agent': 'python-requests/2.32.3', 'Accept-Encoding': 'gzip, deflate', 'accept': 'application/json', 'Connection': 'keep-alive', 'Content-type': 'application/json', 'Content-Length': '73'} 
 body=b'{"fullName": "Nome Alterado Teste", "mail": "mariafernandes@example.net"}' 
 </msg>
<msg time="2025-04-07T15:29:20.086947" level="INFO">PUT Response : url=https://quality-eagles.qacoders.dev.br/api/user/67f4197cff7ef081838c4135?token=eyJhbGciOiJIUzI1NiIsInR5cCI6IkpXVCJ9.eyJfaWQiOiI2N2Y0MTk3Y2ZmN2VmMDgxODM4YzQxMzUiLCJmdWxsTmFtZSI6Ik5pY29sZSBTaWx2ZWlyYSIsIm1haWwiOiJtYXJpYWZlcm5hbmRlc0BleGFtcGxlLm5ldCIsInBhc3N3b3JkIjoiJDJiJDEwJGJFSHl0V1RvQTlDSWRWdXRsZ1hXYS5WYkhwTFg1NHVUNmhlS3pJWXJzaGE5c0dKblpzNVB5IiwiYWNjZXNzUHJvZmlsZSI6IkFETUlOIiwiY3BmIjoiNDI4NzEzNTY5NTUiLCJzdGF0dXMiOnRydWUsImF1ZGl0IjpbeyJyZWdpc3RlcmVkQnkiOnsidXNlcklkIjoiNjZkYjVlNDBlNWEwMDE1NjM0ZjEzN2U2IiwidXNlckxvZ2luIjoic3lzYWRtaW5AcWFjb2RlcnMuY29tIn0sInJlZ2lzdHJhdGlvbkRhdGUiOiJzZWd1bmRhLWZlaXJhLCAwNy8wNC8yMDI1LCAxNToyOToxNiBCUlQiLCJyZWdpc3RyYXRpb25OdW1iZXIiOiJRYUNvZGVycy02NTQxIiwiX2lkIjoiNjdmNDE5N2NmZjdlZjA4MTgzOGM0MTM2In1dLCJfX3YiOjAsImlhdCI6MTc0NDA1MDU1NiwiZXhwIjoxNzQ0MTM2OTU2fQ.aQxPRXWQp-fxpwn0-3lc5V7dikOKfTNI8T1XCkxFd4c 
 status=200, reason=OK 
 headers={'Server': 'nginx/1.18.0 (Ubuntu)', 'Date': 'Mon, 07 Apr 2025 18:29:17 GMT', 'Content-Type': 'application/json; charset=utf-8', 'Transfer-Encoding': 'chunked', 'Connection': 'keep-alive', 'X-Powered-By': 'Express', 'Access-Control-Allow-Origin': '*', 'ETag': 'W/"2c8-zf3QbIzxdzpMZJ0i8goq7/liKVg"', 'Content-Encoding': 'gzip'} 
 body={"msg":"Dados atualizados com sucesso!","updatedUser":{"_id":"67f4197cff7ef081838c4135","fullName":"Nome Alterado Teste","mail":"mariafernandes@example.net","password":"$2b$10$bEHytWToA9CIdVutlgXWa.VbHpLX54uT6heKzIYrsha9sGJnZs5Py","accessProfile":"ADMIN","cpf":"42871356955","status":false,"audit":[{"registeredBy":{"userId":"66db5e40e5a0015634f137e6","userLogin":"sysadmin@qacoders.com"},"registrationDate":"segunda-feira, 07/04/2025, 15:29:16 BRT","registrationNumber":"QaCoders-6541","_id":"67f4197cff7ef081838c4136"},{"updatedBy":{"userId":"67f4197cff7ef081838c4135","userLogin":"mariafernandes@example.net"},"updateDate":"segunda-feira, 07/04/2025, 15:29:17 BRT","_id":"67f4197dff7ef081838c4143"}],"__v":0}} 
 </msg>
<msg time="2025-04-07T15:29:20.087391" level="INFO">${resposta} = &lt;Response [200]&gt;</msg>
<var>${resposta}</var>
<arg>alias=eagles</arg>
<arg>expected_status=any</arg>
<arg>url=user/${id_user}?token=${token}</arg>
<arg>json=${body}</arg>
<doc>Sends a PUT request on a previously created HTTP Session.</doc>
<status status="PASS" start="2025-04-07T15:29:19.963424" elapsed="0.124077"/>
</kw>
<return>
<value>${resposta.json()}</value>
<status status="PASS" start="2025-04-07T15:29:20.087744" elapsed="0.000133"/>
</return>
<msg time="2025-04-07T15:29:20.089683" level="INFO">${resposta} = {'msg': 'Dados atualizados com sucesso!', 'updatedUser': {'_id': '67f4197cff7ef081838c4135', 'fullName': 'Nome Alterado Teste', 'mail': 'mariafernandes@example.net', 'password': '$2b$10$bEHytWToA9CIdV...</msg>
<var>${resposta}</var>
<arg>id_user=${idUserCreated}</arg>
<doc>Keword para atualizar informação de um usuário específico</doc>
<status status="PASS" start="2025-04-07T15:29:19.563823" elapsed="0.525984"/>
</kw>
<kw name="Status Should Be" owner="RequestsLibrary">
<arg>200</arg>
<doc>Fails if response status code is different than the expected.</doc>
<status status="PASS" start="2025-04-07T15:29:20.090831" elapsed="0.000485"/>
</kw>
<kw name="Should Be Equal" owner="BuiltIn">
<arg>Dados atualizados com sucesso!</arg>
<arg>${resposta['msg']}</arg>
<doc>Fails if the given objects are unequal.</doc>
<status status="PASS" start="2025-04-07T15:29:20.092192" elapsed="0.001749"/>
</kw>
<status status="PASS" start="2025-04-07T15:29:19.562211" elapsed="0.532570"/>
</test>
<test id="s1-t8" name="TC08 - Atualizar status para false com sucesso" line="59">
<kw name="Create User">
<kw name="Get Fake Person" owner="get_fake_person">
<msg time="2025-04-07T15:29:20.101231" level="INFO">${person} = {'name': 'Carolina Brito', 'email': 'lorena88@example.org', 'cpf': '72381059695'}</msg>
<var>${person}</var>
<status status="PASS" start="2025-04-07T15:29:20.100347" elapsed="0.001000"/>
</kw>
<kw name="Pegar Token">
<kw name="Create Dictionary" owner="BuiltIn">
<msg time="2025-04-07T15:29:20.105387" level="INFO">${body} = {'mail': 'sysadmin@qacoders.com', 'password': '1234@Test'}</msg>
<var>${body}</var>
<arg>mail=${email}</arg>
<arg>password=${senha}</arg>
<doc>Creates and returns a dictionary based on the given ``items``.</doc>
<status status="PASS" start="2025-04-07T15:29:20.104042" elapsed="0.001581"/>
</kw>
<kw name="Criar Sessao">
<kw name="Create Dictionary" owner="BuiltIn">
<msg time="2025-04-07T15:29:20.109525" level="INFO">${headers} = {'accept': 'application/json', 'Content-type': 'application/json'}</msg>
<var>${headers}</var>
<arg>accept=application/json</arg>
<arg>Content-type=application/json</arg>
<doc>Creates and returns a dictionary based on the given ``items``.</doc>
<status status="PASS" start="2025-04-07T15:29:20.108385" elapsed="0.001332"/>
</kw>
<kw name="Create Session" owner="RequestsLibrary">
<msg time="2025-04-07T15:29:20.111291" level="INFO">Creating Session using : alias=eagles, url=https://quality-eagles.qacoders.dev.br/api/, headers={'accept': 'application/json', 'Content-type': 'application/json'},                     cookies={}, auth=None, timeout=None, proxies=None, verify=True,                     debug=0 </msg>
<arg>alias=eagles</arg>
<arg>url=${baseUrl}</arg>
<arg>headers=${headers}</arg>
<arg>verify=True</arg>
<doc>Create Session: create a HTTP session to a server</doc>
<status status="PASS" start="2025-04-07T15:29:20.110361" elapsed="0.001451"/>
</kw>
<doc>Cria sessao inicial para usar na proxima request.</doc>
<status status="PASS" start="2025-04-07T15:29:20.106524" elapsed="0.005575"/>
</kw>
<kw name="POST On Session" owner="RequestsLibrary">
<msg time="2025-04-07T15:29:20.420925" level="INFO">POST Request : url=https://quality-eagles.qacoders.dev.br/api/login 
 path_url=/api/login 
 headers={'User-Agent': 'python-requests/2.32.3', 'Accept-Encoding': 'gzip, deflate', 'accept': 'application/json', 'Connection': 'keep-alive', 'Content-type': 'application/json', 'Content-Length': '58'} 
 body=b'{"mail": "sysadmin@qacoders.com", "password": "1234@Test"}' 
 </msg>
<msg time="2025-04-07T15:29:20.421356" level="INFO">POST Response : url=https://quality-eagles.qacoders.dev.br/api/login 
 status=200, reason=OK 
 headers={'Server': 'nginx/1.18.0 (Ubuntu)', 'Date': 'Mon, 07 Apr 2025 18:29:17 GMT', 'Content-Type': 'application/json; charset=utf-8', 'Transfer-Encoding': 'chunked', 'Connection': 'keep-alive', 'X-Powered-By': 'Express', 'Access-Control-Allow-Origin': '*', 'ETag': 'W/"534-60Pz7FplUcLs7rrzBHiGuJLKff4"', 'Content-Encoding': 'gzip'} 
 body={"msg":"Olá Qa-Coders-SYSADMIN, autenticação autorizada com sucesso!","user":{"_id":"66db5e40e5a0015634f137e6","fullName":"Qa-Coders-SYSADMIN","mail":"sysadmin@qacoders.com","password":"$2b$10$jpalDaYRV.BZSVwj3LOa/.CaqX/BMQszQf47CfjzubAO5kEp6jp6K","accessProfile":"SYSADMIN","cpf":"11111111111","status":true,"audit":[{"registeredBy":{"userId":"111111111111111111","userLogin":"sysadmin@qacoders.com"},"registrationDate":"sexta-feira, 06/09/2024, 16:55:44 BRT","registrationNumber":"01","companyId":"Qa.Coders","_id":"66db5e40e5a0015634f137e7"}],"__v":0},"token":"eyJhbGciOiJIUzI1NiIsInR5cCI6IkpXVCJ9.eyJfaWQiOiI2NmRiNWU0MGU1YTAwMTU2MzRmMTM3ZTYiLCJmdWxsTmFtZSI6IlFhLUNvZGVycy1TWVNBRE1JTiIsIm1haWwiOiJzeXNhZG1pbkBxYWNvZGVycy5jb20iLCJwYXNzd29yZCI6IiQyYiQxMCRqcGFsRGFZUlYuQlpTVndqM0xPYS8uQ2FxWC9CTVFzelFmNDdDZmp6dWJBTzVrRXA2anA2SyIsImFjY2Vzc1Byb2ZpbGUiOiJTWVNBRE1JTiIsImNwZiI6IjExMTExMTExMTExIiwic3RhdHVzIjp0cnVlLCJhdWRpdCI6W3sicmVnaXN0ZXJlZEJ5Ijp7InVzZXJJZCI6IjExMTExMTExMTExMTExMTExMSIsInVzZXJMb2dpbiI6InN5c2FkbWluQHFhY29kZXJzLmNvbSJ9LCJyZWdpc3RyYXRpb25EYXRlIjoic2V4dGEtZmVpcmEsIDA2LzA5LzIwMjQsIDE2OjU1OjQ0IEJSVCIsInJlZ2lzdHJhdGlvbk51bWJlciI6IjAxIiwiY29tcGFueUlkIjoiUWEuQ29kZXJzIiwiX2lkIjoiNjZkYjVlNDBlNWEwMDE1NjM0ZjEzN2U3In1dLCJfX3YiOjAsImlhdCI6MTc0NDA1MDU1NywiZXhwIjoxNzQ0MTM2OTU3fQ.OK0g8-3Z1wEcMoRcNkgCXwXM1M2q4Vcu7DdUJuDoWWE"} 
 </msg>
<msg time="2025-04-07T15:29:20.421985" level="INFO">${resposta} = &lt;Response [200]&gt;</msg>
<var>${resposta}</var>
<arg>alias=eagles</arg>
<arg>url=/login</arg>
<arg>json=${body}</arg>
<doc>Sends a POST request on a previously created HTTP Session.</doc>
<status status="PASS" start="2025-04-07T15:29:20.112491" elapsed="0.309644"/>
</kw>
<return>
<value>${resposta.json()['token']}</value>
<status status="PASS" start="2025-04-07T15:29:20.423338" elapsed="0.000131"/>
</return>
<msg time="2025-04-07T15:29:20.425341" level="INFO">${token} = eyJhbGciOiJIUzI1NiIsInR5cCI6IkpXVCJ9.eyJfaWQiOiI2NmRiNWU0MGU1YTAwMTU2MzRmMTM3ZTYiLCJmdWxsTmFtZSI6IlFhLUNvZGVycy1TWVNBRE1JTiIsIm1haWwiOiJzeXNhZG1pbkBxYWNvZGVycy5jb20iLCJwYXNzd29yZCI6IiQyYiQxMCRqcGFsRGF...</msg>
<var>${token}</var>
<arg>email=${mailAdm}</arg>
<arg>senha=${passwordAdm}</arg>
<doc>Request usada para pegar o token.</doc>
<status status="PASS" start="2025-04-07T15:29:20.102128" elapsed="0.323340"/>
</kw>
<kw name="Create Dictionary" owner="BuiltIn">
<msg time="2025-04-07T15:29:20.427204" level="INFO">${body} = {'fullName': 'Carolina Brito', 'mail': 'lorena88@example.org', 'password': '1234@Test', 'accessProfile': 'ADMIN', 'cpf': '72381059695', 'confirmPassword': '1234@Test'}</msg>
<var>${body}</var>
<arg>fullName=${person}[name]</arg>
<arg>mail=${person}[email]</arg>
<arg>password=${passwordAdm}</arg>
<arg>accessProfile=ADMIN</arg>
<arg>cpf=${person}[cpf]</arg>
<arg>confirmPassword=${passwordAdm}</arg>
<doc>Creates and returns a dictionary based on the given ``items``.</doc>
<status status="PASS" start="2025-04-07T15:29:20.425929" elapsed="0.001358"/>
</kw>
<kw name="POST On Session" owner="RequestsLibrary">
<msg time="2025-04-07T15:29:20.665839" level="INFO">POST Request : url=https://quality-eagles.qacoders.dev.br/api/user/?token=eyJhbGciOiJIUzI1NiIsInR5cCI6IkpXVCJ9.eyJfaWQiOiI2NmRiNWU0MGU1YTAwMTU2MzRmMTM3ZTYiLCJmdWxsTmFtZSI6IlFhLUNvZGVycy1TWVNBRE1JTiIsIm1haWwiOiJzeXNhZG1pbkBxYWNvZGVycy5jb20iLCJwYXNzd29yZCI6IiQyYiQxMCRqcGFsRGFZUlYuQlpTVndqM0xPYS8uQ2FxWC9CTVFzelFmNDdDZmp6dWJBTzVrRXA2anA2SyIsImFjY2Vzc1Byb2ZpbGUiOiJTWVNBRE1JTiIsImNwZiI6IjExMTExMTExMTExIiwic3RhdHVzIjp0cnVlLCJhdWRpdCI6W3sicmVnaXN0ZXJlZEJ5Ijp7InVzZXJJZCI6IjExMTExMTExMTExMTExMTExMSIsInVzZXJMb2dpbiI6InN5c2FkbWluQHFhY29kZXJzLmNvbSJ9LCJyZWdpc3RyYXRpb25EYXRlIjoic2V4dGEtZmVpcmEsIDA2LzA5LzIwMjQsIDE2OjU1OjQ0IEJSVCIsInJlZ2lzdHJhdGlvbk51bWJlciI6IjAxIiwiY29tcGFueUlkIjoiUWEuQ29kZXJzIiwiX2lkIjoiNjZkYjVlNDBlNWEwMDE1NjM0ZjEzN2U3In1dLCJfX3YiOjAsImlhdCI6MTc0NDA1MDU1NywiZXhwIjoxNzQ0MTM2OTU3fQ.OK0g8-3Z1wEcMoRcNkgCXwXM1M2q4Vcu7DdUJuDoWWE 
 path_url=/api/user/?token=eyJhbGciOiJIUzI1NiIsInR5cCI6IkpXVCJ9.eyJfaWQiOiI2NmRiNWU0MGU1YTAwMTU2MzRmMTM3ZTYiLCJmdWxsTmFtZSI6IlFhLUNvZGVycy1TWVNBRE1JTiIsIm1haWwiOiJzeXNhZG1pbkBxYWNvZGVycy5jb20iLCJwYXNzd29yZCI6IiQyYiQxMCRqcGFsRGFZUlYuQlpTVndqM0xPYS8uQ2FxWC9CTVFzelFmNDdDZmp6dWJBTzVrRXA2anA2SyIsImFjY2Vzc1Byb2ZpbGUiOiJTWVNBRE1JTiIsImNwZiI6IjExMTExMTExMTExIiwic3RhdHVzIjp0cnVlLCJhdWRpdCI6W3sicmVnaXN0ZXJlZEJ5Ijp7InVzZXJJZCI6IjExMTExMTExMTExMTExMTExMSIsInVzZXJMb2dpbiI6InN5c2FkbWluQHFhY29kZXJzLmNvbSJ9LCJyZWdpc3RyYXRpb25EYXRlIjoic2V4dGEtZmVpcmEsIDA2LzA5LzIwMjQsIDE2OjU1OjQ0IEJSVCIsInJlZ2lzdHJhdGlvbk51bWJlciI6IjAxIiwiY29tcGFueUlkIjoiUWEuQ29kZXJzIiwiX2lkIjoiNjZkYjVlNDBlNWEwMDE1NjM0ZjEzN2U3In1dLCJfX3YiOjAsImlhdCI6MTc0NDA1MDU1NywiZXhwIjoxNzQ0MTM2OTU3fQ.OK0g8-3Z1wEcMoRcNkgCXwXM1M2q4Vcu7DdUJuDoWWE 
 headers={'User-Agent': 'python-requests/2.32.3', 'Accept-Encoding': 'gzip, deflate', 'accept': 'application/json', 'Connection': 'keep-alive', 'Content-type': 'application/json', 'Content-Length': '167'} 
 body=b'{"fullName": "Carolina Brito", "mail": "lorena88@example.org", "password": "1234@Test", "accessProfile": "ADMIN", "cpf": "72381059695", "confirmPassword": "1234@Test"}' 
 </msg>
<msg time="2025-04-07T15:29:20.666215" level="INFO">POST Response : url=https://quality-eagles.qacoders.dev.br/api/user/?token=eyJhbGciOiJIUzI1NiIsInR5cCI6IkpXVCJ9.eyJfaWQiOiI2NmRiNWU0MGU1YTAwMTU2MzRmMTM3ZTYiLCJmdWxsTmFtZSI6IlFhLUNvZGVycy1TWVNBRE1JTiIsIm1haWwiOiJzeXNhZG1pbkBxYWNvZGVycy5jb20iLCJwYXNzd29yZCI6IiQyYiQxMCRqcGFsRGFZUlYuQlpTVndqM0xPYS8uQ2FxWC9CTVFzelFmNDdDZmp6dWJBTzVrRXA2anA2SyIsImFjY2Vzc1Byb2ZpbGUiOiJTWVNBRE1JTiIsImNwZiI6IjExMTExMTExMTExIiwic3RhdHVzIjp0cnVlLCJhdWRpdCI6W3sicmVnaXN0ZXJlZEJ5Ijp7InVzZXJJZCI6IjExMTExMTExMTExMTExMTExMSIsInVzZXJMb2dpbiI6InN5c2FkbWluQHFhY29kZXJzLmNvbSJ9LCJyZWdpc3RyYXRpb25EYXRlIjoic2V4dGEtZmVpcmEsIDA2LzA5LzIwMjQsIDE2OjU1OjQ0IEJSVCIsInJlZ2lzdHJhdGlvbk51bWJlciI6IjAxIiwiY29tcGFueUlkIjoiUWEuQ29kZXJzIiwiX2lkIjoiNjZkYjVlNDBlNWEwMDE1NjM0ZjEzN2U3In1dLCJfX3YiOjAsImlhdCI6MTc0NDA1MDU1NywiZXhwIjoxNzQ0MTM2OTU3fQ.OK0g8-3Z1wEcMoRcNkgCXwXM1M2q4Vcu7DdUJuDoWWE 
 status=201, reason=Created 
 headers={'Server': 'nginx/1.18.0 (Ubuntu)', 'Date': 'Mon, 07 Apr 2025 18:29:17 GMT', 'Content-Type': 'application/json; charset=utf-8', 'Content-Length': '460', 'Connection': 'keep-alive', 'X-Powered-By': 'Express', 'Access-Control-Allow-Origin': '*', 'ETag': 'W/"1cc-l+ikKtLSoImqk89yHqlxrnLNdu8"'} 
 body={"msg":"Olá Carolina Brito, cadastro realizado com sucesso.","user":{"_id":"67f4197dff7ef081838c414b","fullName":"Carolina Brito","mail":"lorena88@example.org","accessProfile":"ADMIN","cpf":"72381059695","status":true,"audit":[{"registeredBy":{"userId":"66db5e40e5a0015634f137e6","userLogin":"sysadmin@qacoders.com"},"registrationDate":"segunda-feira, 07/04/2025, 15:29:17 BRT","registrationNumber":"QaCoders-6542","_id":"67f4197dff7ef081838c414c"}],"__v":0}} 
 </msg>
<msg time="2025-04-07T15:29:20.666650" level="INFO">${resposta} = &lt;Response [201]&gt;</msg>
<var>${resposta}</var>
<arg>alias=eagles</arg>
<arg>expected_status=any</arg>
<arg>url=user/?token=${token}</arg>
<arg>json=${body}</arg>
<doc>Sends a POST request on a previously created HTTP Session.</doc>
<status status="PASS" start="2025-04-07T15:29:20.427615" elapsed="0.239138"/>
</kw>
<return>
<value>${resposta.json()['user']}</value>
<status status="PASS" start="2025-04-07T15:29:20.667088" elapsed="0.000192"/>
</return>
<msg time="2025-04-07T15:29:20.669177" level="INFO">${user_ID} = {'_id': '67f4197dff7ef081838c414b', 'fullName': 'Carolina Brito', 'mail': 'lorena88@example.org', 'accessProfile': 'ADMIN', 'cpf': '72381059695', 'status': True, 'audit': [{'registeredBy': {'userId': ...</msg>
<var>${user_ID}</var>
<doc>Keyword que cria um usuário</doc>
<status status="PASS" start="2025-04-07T15:29:20.099478" elapsed="0.569832"/>
</kw>
<kw name="Put Status">
<kw name="Pegar Token">
<kw name="Create Dictionary" owner="BuiltIn">
<msg time="2025-04-07T15:29:20.674741" level="INFO">${body} = {'mail': 'mariafernandes@example.net', 'password': '1234@Test'}</msg>
<var>${body}</var>
<arg>mail=${email}</arg>
<arg>password=${senha}</arg>
<doc>Creates and returns a dictionary based on the given ``items``.</doc>
<status status="PASS" start="2025-04-07T15:29:20.673881" elapsed="0.000972"/>
</kw>
<kw name="Criar Sessao">
<kw name="Create Dictionary" owner="BuiltIn">
<msg time="2025-04-07T15:29:20.676679" level="INFO">${headers} = {'accept': 'application/json', 'Content-type': 'application/json'}</msg>
<var>${headers}</var>
<arg>accept=application/json</arg>
<arg>Content-type=application/json</arg>
<doc>Creates and returns a dictionary based on the given ``items``.</doc>
<status status="PASS" start="2025-04-07T15:29:20.676082" elapsed="0.000700"/>
</kw>
<kw name="Create Session" owner="RequestsLibrary">
<msg time="2025-04-07T15:29:20.677977" level="INFO">Creating Session using : alias=eagles, url=https://quality-eagles.qacoders.dev.br/api/, headers={'accept': 'application/json', 'Content-type': 'application/json'},                     cookies={}, auth=None, timeout=None, proxies=None, verify=True,                     debug=0 </msg>
<arg>alias=eagles</arg>
<arg>url=${baseUrl}</arg>
<arg>headers=${headers}</arg>
<arg>verify=True</arg>
<doc>Create Session: create a HTTP session to a server</doc>
<status status="PASS" start="2025-04-07T15:29:20.677158" elapsed="0.001340"/>
</kw>
<doc>Cria sessao inicial para usar na proxima request.</doc>
<status status="PASS" start="2025-04-07T15:29:20.675348" elapsed="0.003427"/>
</kw>
<kw name="POST On Session" owner="RequestsLibrary">
<msg time="2025-04-07T15:29:21.058551" level="INFO">POST Request : url=https://quality-eagles.qacoders.dev.br/api/login 
 path_url=/api/login 
 headers={'User-Agent': 'python-requests/2.32.3', 'Accept-Encoding': 'gzip, deflate', 'accept': 'application/json', 'Connection': 'keep-alive', 'Content-type': 'application/json', 'Content-Length': '63'} 
 body=b'{"mail": "mariafernandes@example.net", "password": "1234@Test"}' 
 </msg>
<msg time="2025-04-07T15:29:21.059013" level="INFO">POST Response : url=https://quality-eagles.qacoders.dev.br/api/login 
 status=200, reason=OK 
 headers={'Server': 'nginx/1.18.0 (Ubuntu)', 'Date': 'Mon, 07 Apr 2025 18:29:18 GMT', 'Content-Type': 'application/json; charset=utf-8', 'Transfer-Encoding': 'chunked', 'Connection': 'keep-alive', 'X-Powered-By': 'Express', 'Access-Control-Allow-Origin': '*', 'ETag': 'W/"6d9-jjrkS3kXAjd0hHMpbLhSZDgADg8"', 'Content-Encoding': 'gzip'} 
 body={"msg":"Olá Nome Alterado Teste, autenticação autorizada com sucesso!","user":{"_id":"67f4197cff7ef081838c4135","fullName":"Nome Alterado Teste","mail":"mariafernandes@example.net","password":"$2b$10$bEHytWToA9CIdVutlgXWa.VbHpLX54uT6heKzIYrsha9sGJnZs5Py","accessProfile":"ADMIN","cpf":"42871356955","status":false,"audit":[{"registeredBy":{"userId":"66db5e40e5a0015634f137e6","userLogin":"sysadmin@qacoders.com"},"registrationDate":"segunda-feira, 07/04/2025, 15:29:16 BRT","registrationNumber":"QaCoders-6541","_id":"67f4197cff7ef081838c4136"},{"updatedBy":{"userId":"67f4197cff7ef081838c4135","userLogin":"mariafernandes@example.net"},"updateDate":"segunda-feira, 07/04/2025, 15:29:17 BRT","_id":"67f4197dff7ef081838c4143"}],"__v":0},"token":"eyJhbGciOiJIUzI1NiIsInR5cCI6IkpXVCJ9.eyJfaWQiOiI2N2Y0MTk3Y2ZmN2VmMDgxODM4YzQxMzUiLCJmdWxsTmFtZSI6Ik5vbWUgQWx0ZXJhZG8gVGVzdGUiLCJtYWlsIjoibWFyaWFmZXJuYW5kZXNAZXhhbXBsZS5uZXQiLCJwYXNzd29yZCI6IiQyYiQxMCRiRUh5dFdUb0E5Q0lkVnV0bGdYV2EuVmJIcExYNTR1VDZoZUt6SVlyc2hhOXNHSm5aczVQeSIsImFjY2Vzc1Byb2ZpbGUiOiJBRE1JTiIsImNwZiI6IjQyODcxMzU2OTU1Iiwic3RhdHVzIjpmYWxzZSwiYXVkaXQiOlt7InJlZ2lzdGVyZWRCeSI6eyJ1c2VySWQiOiI2NmRiNWU0MGU1YTAwMTU2MzRmMTM3ZTYiLCJ1c2VyTG9naW4iOiJzeXNhZG1pbkBxYWNvZGVycy5jb20ifSwicmVnaXN0cmF0aW9uRGF0ZSI6InNlZ3VuZGEtZmVpcmEsIDA3LzA0LzIwMjUsIDE1OjI5OjE2IEJSVCIsInJlZ2lzdHJhdGlvbk51bWJlciI6IlFhQ29kZXJzLTY1NDEiLCJfaWQiOiI2N2Y0MTk3Y2ZmN2VmMDgxODM4YzQxMzYifSx7InVwZGF0ZWRCeSI6eyJ1c2VySWQiOiI2N2Y0MTk3Y2ZmN2VmMDgxODM4YzQxMzUiLCJ1c2VyTG9naW4iOiJtYXJpYWZlcm5hbmRlc0BleGFtcGxlLm5ldCJ9LCJ1cGRhdGVEYXRlIjoic2VndW5kYS1mZWlyYSwgMDcvMDQvMjAyNSwgMTU6Mjk6MTcgQlJUIiwiX2lkIjoiNjdmNDE5N2RmZjdlZjA4MTgzOGM0MTQzIn1dLCJfX3YiOjAsImlhdCI6MTc0NDA1MDU1OCwiZXhwIjoxNzQ0MTM2OTU4fQ.McvVzGztzctlyDl8jru1FNwysUlhnCrIfyjLrWkyrmg"} 
 </msg>
<msg time="2025-04-07T15:29:21.059303" level="INFO">${resposta} = &lt;Response [200]&gt;</msg>
<var>${resposta}</var>
<arg>alias=eagles</arg>
<arg>url=/login</arg>
<arg>json=${body}</arg>
<doc>Sends a POST request on a previously created HTTP Session.</doc>
<status status="PASS" start="2025-04-07T15:29:20.679133" elapsed="0.380233"/>
</kw>
<return>
<value>${resposta.json()['token']}</value>
<status status="PASS" start="2025-04-07T15:29:21.059514" elapsed="0.000088"/>
</return>
<msg time="2025-04-07T15:29:21.060627" level="INFO">${token} = eyJhbGciOiJIUzI1NiIsInR5cCI6IkpXVCJ9.eyJfaWQiOiI2N2Y0MTk3Y2ZmN2VmMDgxODM4YzQxMzUiLCJmdWxsTmFtZSI6Ik5vbWUgQWx0ZXJhZG8gVGVzdGUiLCJtYWlsIjoibWFyaWFmZXJuYW5kZXNAZXhhbXBsZS5uZXQiLCJwYXNzd29yZCI6IiQyYiQxMCR...</msg>
<var>${token}</var>
<arg>email=${mailUser}</arg>
<arg>senha=1234@Test</arg>
<doc>Request usada para pegar o token.</doc>
<status status="PASS" start="2025-04-07T15:29:20.672828" elapsed="0.387871"/>
</kw>
<kw name="Create Dictionary" owner="BuiltIn">
<msg time="2025-04-07T15:29:21.062648" level="INFO">${body} = {'status': 'false'}</msg>
<var>${body}</var>
<arg>status=${status}</arg>
<doc>Creates and returns a dictionary based on the given ``items``.</doc>
<status status="PASS" start="2025-04-07T15:29:21.060979" elapsed="0.001738"/>
</kw>
<kw name="PUT On Session" owner="RequestsLibrary">
<msg time="2025-04-07T15:29:21.162339" level="INFO">PUT Request : url=https://quality-eagles.qacoders.dev.br/api/user/status/67f4197dff7ef081838c414b?token=eyJhbGciOiJIUzI1NiIsInR5cCI6IkpXVCJ9.eyJfaWQiOiI2N2Y0MTk3Y2ZmN2VmMDgxODM4YzQxMzUiLCJmdWxsTmFtZSI6Ik5vbWUgQWx0ZXJhZG8gVGVzdGUiLCJtYWlsIjoibWFyaWFmZXJuYW5kZXNAZXhhbXBsZS5uZXQiLCJwYXNzd29yZCI6IiQyYiQxMCRiRUh5dFdUb0E5Q0lkVnV0bGdYV2EuVmJIcExYNTR1VDZoZUt6SVlyc2hhOXNHSm5aczVQeSIsImFjY2Vzc1Byb2ZpbGUiOiJBRE1JTiIsImNwZiI6IjQyODcxMzU2OTU1Iiwic3RhdHVzIjpmYWxzZSwiYXVkaXQiOlt7InJlZ2lzdGVyZWRCeSI6eyJ1c2VySWQiOiI2NmRiNWU0MGU1YTAwMTU2MzRmMTM3ZTYiLCJ1c2VyTG9naW4iOiJzeXNhZG1pbkBxYWNvZGVycy5jb20ifSwicmVnaXN0cmF0aW9uRGF0ZSI6InNlZ3VuZGEtZmVpcmEsIDA3LzA0LzIwMjUsIDE1OjI5OjE2IEJSVCIsInJlZ2lzdHJhdGlvbk51bWJlciI6IlFhQ29kZXJzLTY1NDEiLCJfaWQiOiI2N2Y0MTk3Y2ZmN2VmMDgxODM4YzQxMzYifSx7InVwZGF0ZWRCeSI6eyJ1c2VySWQiOiI2N2Y0MTk3Y2ZmN2VmMDgxODM4YzQxMzUiLCJ1c2VyTG9naW4iOiJtYXJpYWZlcm5hbmRlc0BleGFtcGxlLm5ldCJ9LCJ1cGRhdGVEYXRlIjoic2VndW5kYS1mZWlyYSwgMDcvMDQvMjAyNSwgMTU6Mjk6MTcgQlJUIiwiX2lkIjoiNjdmNDE5N2RmZjdlZjA4MTgzOGM0MTQzIn1dLCJfX3YiOjAsImlhdCI6MTc0NDA1MDU1OCwiZXhwIjoxNzQ0MTM2OTU4fQ.McvVzGztzctlyDl8jru1FNwysUlhnCrIfyjLrWkyrmg 
 path_url=/api/user/status/67f4197dff7ef081838c414b?token=eyJhbGciOiJIUzI1NiIsInR5cCI6IkpXVCJ9.eyJfaWQiOiI2N2Y0MTk3Y2ZmN2VmMDgxODM4YzQxMzUiLCJmdWxsTmFtZSI6Ik5vbWUgQWx0ZXJhZG8gVGVzdGUiLCJtYWlsIjoibWFyaWFmZXJuYW5kZXNAZXhhbXBsZS5uZXQiLCJwYXNzd29yZCI6IiQyYiQxMCRiRUh5dFdUb0E5Q0lkVnV0bGdYV2EuVmJIcExYNTR1VDZoZUt6SVlyc2hhOXNHSm5aczVQeSIsImFjY2Vzc1Byb2ZpbGUiOiJBRE1JTiIsImNwZiI6IjQyODcxMzU2OTU1Iiwic3RhdHVzIjpmYWxzZSwiYXVkaXQiOlt7InJlZ2lzdGVyZWRCeSI6eyJ1c2VySWQiOiI2NmRiNWU0MGU1YTAwMTU2MzRmMTM3ZTYiLCJ1c2VyTG9naW4iOiJzeXNhZG1pbkBxYWNvZGVycy5jb20ifSwicmVnaXN0cmF0aW9uRGF0ZSI6InNlZ3VuZGEtZmVpcmEsIDA3LzA0LzIwMjUsIDE1OjI5OjE2IEJSVCIsInJlZ2lzdHJhdGlvbk51bWJlciI6IlFhQ29kZXJzLTY1NDEiLCJfaWQiOiI2N2Y0MTk3Y2ZmN2VmMDgxODM4YzQxMzYifSx7InVwZGF0ZWRCeSI6eyJ1c2VySWQiOiI2N2Y0MTk3Y2ZmN2VmMDgxODM4YzQxMzUiLCJ1c2VyTG9naW4iOiJtYXJpYWZlcm5hbmRlc0BleGFtcGxlLm5ldCJ9LCJ1cGRhdGVEYXRlIjoic2VndW5kYS1mZWlyYSwgMDcvMDQvMjAyNSwgMTU6Mjk6MTcgQlJUIiwiX2lkIjoiNjdmNDE5N2RmZjdlZjA4MTgzOGM0MTQzIn1dLCJfX3YiOjAsImlhdCI6MTc0NDA1MDU1OCwiZXhwIjoxNzQ0MTM2OTU4fQ.McvVzGztzctlyDl8jru1FNwysUlhnCrIfyjLrWkyrmg 
 headers={'User-Agent': 'python-requests/2.32.3', 'Accept-Encoding': 'gzip, deflate', 'accept': 'application/json', 'Connection': 'keep-alive', 'Content-type': 'application/json', 'Content-Length': '19'} 
 body=b'{"status": "false"}' 
 </msg>
<msg time="2025-04-07T15:29:21.162690" level="INFO">PUT Response : url=https://quality-eagles.qacoders.dev.br/api/user/status/67f4197dff7ef081838c414b?token=eyJhbGciOiJIUzI1NiIsInR5cCI6IkpXVCJ9.eyJfaWQiOiI2N2Y0MTk3Y2ZmN2VmMDgxODM4YzQxMzUiLCJmdWxsTmFtZSI6Ik5vbWUgQWx0ZXJhZG8gVGVzdGUiLCJtYWlsIjoibWFyaWFmZXJuYW5kZXNAZXhhbXBsZS5uZXQiLCJwYXNzd29yZCI6IiQyYiQxMCRiRUh5dFdUb0E5Q0lkVnV0bGdYV2EuVmJIcExYNTR1VDZoZUt6SVlyc2hhOXNHSm5aczVQeSIsImFjY2Vzc1Byb2ZpbGUiOiJBRE1JTiIsImNwZiI6IjQyODcxMzU2OTU1Iiwic3RhdHVzIjpmYWxzZSwiYXVkaXQiOlt7InJlZ2lzdGVyZWRCeSI6eyJ1c2VySWQiOiI2NmRiNWU0MGU1YTAwMTU2MzRmMTM3ZTYiLCJ1c2VyTG9naW4iOiJzeXNhZG1pbkBxYWNvZGVycy5jb20ifSwicmVnaXN0cmF0aW9uRGF0ZSI6InNlZ3VuZGEtZmVpcmEsIDA3LzA0LzIwMjUsIDE1OjI5OjE2IEJSVCIsInJlZ2lzdHJhdGlvbk51bWJlciI6IlFhQ29kZXJzLTY1NDEiLCJfaWQiOiI2N2Y0MTk3Y2ZmN2VmMDgxODM4YzQxMzYifSx7InVwZGF0ZWRCeSI6eyJ1c2VySWQiOiI2N2Y0MTk3Y2ZmN2VmMDgxODM4YzQxMzUiLCJ1c2VyTG9naW4iOiJtYXJpYWZlcm5hbmRlc0BleGFtcGxlLm5ldCJ9LCJ1cGRhdGVEYXRlIjoic2VndW5kYS1mZWlyYSwgMDcvMDQvMjAyNSwgMTU6Mjk6MTcgQlJUIiwiX2lkIjoiNjdmNDE5N2RmZjdlZjA4MTgzOGM0MTQzIn1dLCJfX3YiOjAsImlhdCI6MTc0NDA1MDU1OCwiZXhwIjoxNzQ0MTM2OTU4fQ.McvVzGztzctlyDl8jru1FNwysUlhnCrIfyjLrWkyrmg 
 status=200, reason=OK 
 headers={'Server': 'nginx/1.18.0 (Ubuntu)', 'Date': 'Mon, 07 Apr 2025 18:29:18 GMT', 'Content-Type': 'application/json; charset=utf-8', 'Transfer-Encoding': 'chunked', 'Connection': 'keep-alive', 'X-Powered-By': 'Express', 'Access-Control-Allow-Origin': '*', 'ETag': 'W/"45-u5g3Ijsg0HfBjKZlewjvrjCsB2A"', 'Content-Encoding': 'gzip'} 
 body={"msg":"Status do usuario atualizado com sucesso para status false."} 
 </msg>
<msg time="2025-04-07T15:29:21.163192" level="INFO">${resposta} = &lt;Response [200]&gt;</msg>
<var>${resposta}</var>
<arg>alias=eagles</arg>
<arg>url=/user/status/${id_user}?token=${token}</arg>
<arg>json=${body}</arg>
<doc>Sends a PUT request on a previously created HTTP Session.</doc>
<status status="PASS" start="2025-04-07T15:29:21.062951" elapsed="0.100349"/>
</kw>
<return>
<value>${resposta}</value>
<status status="PASS" start="2025-04-07T15:29:21.163583" elapsed="0.000137"/>
</return>
<msg time="2025-04-07T15:29:21.164580" level="INFO">${resposta} = &lt;Response [200]&gt;</msg>
<var>${resposta}</var>
<arg>id_user=${user_ID['_id']}</arg>
<arg>status=false</arg>
<status status="PASS" start="2025-04-07T15:29:20.670418" elapsed="0.494269"/>
</kw>
<kw name="Status Should Be" owner="RequestsLibrary">
<arg>200</arg>
<arg>${resposta}</arg>
<doc>Fails if response status code is different than the expected.</doc>
<status status="PASS" start="2025-04-07T15:29:21.165640" elapsed="0.000745"/>
</kw>
<kw name="Should Be Equal" owner="BuiltIn">
<arg>Status do usuario atualizado com sucesso para status false.</arg>
<arg>${resposta.json()['msg']}</arg>
<doc>Fails if the given objects are unequal.</doc>
<status status="PASS" start="2025-04-07T15:29:21.167267" elapsed="0.001792"/>
</kw>
<status status="PASS" start="2025-04-07T15:29:20.097693" elapsed="1.072269"/>
</test>
<test id="s1-t9" name="TC09 - Atualizar status para true com sucesso" line="65">
<kw name="Create User">
<kw name="Get Fake Person" owner="get_fake_person">
<msg time="2025-04-07T15:29:21.176284" level="INFO">${person} = {'name': 'Lunna Marques', 'email': 'rmarques@example.org', 'cpf': '23409817514'}</msg>
<var>${person}</var>
<status status="PASS" start="2025-04-07T15:29:21.175500" elapsed="0.000902"/>
</kw>
<kw name="Pegar Token">
<kw name="Create Dictionary" owner="BuiltIn">
<msg time="2025-04-07T15:29:21.178881" level="INFO">${body} = {'mail': 'sysadmin@qacoders.com', 'password': '1234@Test'}</msg>
<var>${body}</var>
<arg>mail=${email}</arg>
<arg>password=${senha}</arg>
<doc>Creates and returns a dictionary based on the given ``items``.</doc>
<status status="PASS" start="2025-04-07T15:29:21.178023" elapsed="0.000966"/>
</kw>
<kw name="Criar Sessao">
<kw name="Create Dictionary" owner="BuiltIn">
<msg time="2025-04-07T15:29:21.180800" level="INFO">${headers} = {'accept': 'application/json', 'Content-type': 'application/json'}</msg>
<var>${headers}</var>
<arg>accept=application/json</arg>
<arg>Content-type=application/json</arg>
<doc>Creates and returns a dictionary based on the given ``items``.</doc>
<status status="PASS" start="2025-04-07T15:29:21.180199" elapsed="0.000702"/>
</kw>
<kw name="Create Session" owner="RequestsLibrary">
<msg time="2025-04-07T15:29:21.182082" level="INFO">Creating Session using : alias=eagles, url=https://quality-eagles.qacoders.dev.br/api/, headers={'accept': 'application/json', 'Content-type': 'application/json'},                     cookies={}, auth=None, timeout=None, proxies=None, verify=True,                     debug=0 </msg>
<arg>alias=eagles</arg>
<arg>url=${baseUrl}</arg>
<arg>headers=${headers}</arg>
<arg>verify=True</arg>
<doc>Create Session: create a HTTP session to a server</doc>
<status status="PASS" start="2025-04-07T15:29:21.181277" elapsed="0.001294"/>
</kw>
<doc>Cria sessao inicial para usar na proxima request.</doc>
<status status="PASS" start="2025-04-07T15:29:21.179480" elapsed="0.003345"/>
</kw>
<kw name="POST On Session" owner="RequestsLibrary">
<msg time="2025-04-07T15:29:21.480830" level="INFO">POST Request : url=https://quality-eagles.qacoders.dev.br/api/login 
 path_url=/api/login 
 headers={'User-Agent': 'python-requests/2.32.3', 'Accept-Encoding': 'gzip, deflate', 'accept': 'application/json', 'Connection': 'keep-alive', 'Content-type': 'application/json', 'Content-Length': '58'} 
 body=b'{"mail": "sysadmin@qacoders.com", "password": "1234@Test"}' 
 </msg>
<msg time="2025-04-07T15:29:21.481134" level="INFO">POST Response : url=https://quality-eagles.qacoders.dev.br/api/login 
 status=200, reason=OK 
 headers={'Server': 'nginx/1.18.0 (Ubuntu)', 'Date': 'Mon, 07 Apr 2025 18:29:18 GMT', 'Content-Type': 'application/json; charset=utf-8', 'Transfer-Encoding': 'chunked', 'Connection': 'keep-alive', 'X-Powered-By': 'Express', 'Access-Control-Allow-Origin': '*', 'ETag': 'W/"534-s0U23mgI86Ur5s91FVdufyeCCdc"', 'Content-Encoding': 'gzip'} 
 body={"msg":"Olá Qa-Coders-SYSADMIN, autenticação autorizada com sucesso!","user":{"_id":"66db5e40e5a0015634f137e6","fullName":"Qa-Coders-SYSADMIN","mail":"sysadmin@qacoders.com","password":"$2b$10$jpalDaYRV.BZSVwj3LOa/.CaqX/BMQszQf47CfjzubAO5kEp6jp6K","accessProfile":"SYSADMIN","cpf":"11111111111","status":true,"audit":[{"registeredBy":{"userId":"111111111111111111","userLogin":"sysadmin@qacoders.com"},"registrationDate":"sexta-feira, 06/09/2024, 16:55:44 BRT","registrationNumber":"01","companyId":"Qa.Coders","_id":"66db5e40e5a0015634f137e7"}],"__v":0},"token":"eyJhbGciOiJIUzI1NiIsInR5cCI6IkpXVCJ9.eyJfaWQiOiI2NmRiNWU0MGU1YTAwMTU2MzRmMTM3ZTYiLCJmdWxsTmFtZSI6IlFhLUNvZGVycy1TWVNBRE1JTiIsIm1haWwiOiJzeXNhZG1pbkBxYWNvZGVycy5jb20iLCJwYXNzd29yZCI6IiQyYiQxMCRqcGFsRGFZUlYuQlpTVndqM0xPYS8uQ2FxWC9CTVFzelFmNDdDZmp6dWJBTzVrRXA2anA2SyIsImFjY2Vzc1Byb2ZpbGUiOiJTWVNBRE1JTiIsImNwZiI6IjExMTExMTExMTExIiwic3RhdHVzIjp0cnVlLCJhdWRpdCI6W3sicmVnaXN0ZXJlZEJ5Ijp7InVzZXJJZCI6IjExMTExMTExMTExMTExMTExMSIsInVzZXJMb2dpbiI6InN5c2FkbWluQHFhY29kZXJzLmNvbSJ9LCJyZWdpc3RyYXRpb25EYXRlIjoic2V4dGEtZmVpcmEsIDA2LzA5LzIwMjQsIDE2OjU1OjQ0IEJSVCIsInJlZ2lzdHJhdGlvbk51bWJlciI6IjAxIiwiY29tcGFueUlkIjoiUWEuQ29kZXJzIiwiX2lkIjoiNjZkYjVlNDBlNWEwMDE1NjM0ZjEzN2U3In1dLCJfX3YiOjAsImlhdCI6MTc0NDA1MDU1OCwiZXhwIjoxNzQ0MTM2OTU4fQ.8X24-2MwkyqJ-muTvr87-fW5AtmnuUDe-rd-bf3YnfE"} 
 </msg>
<msg time="2025-04-07T15:29:21.481573" level="INFO">${resposta} = &lt;Response [200]&gt;</msg>
<var>${resposta}</var>
<arg>alias=eagles</arg>
<arg>url=/login</arg>
<arg>json=${body}</arg>
<doc>Sends a POST request on a previously created HTTP Session.</doc>
<status status="PASS" start="2025-04-07T15:29:21.183168" elapsed="0.298508"/>
</kw>
<return>
<value>${resposta.json()['token']}</value>
<status status="PASS" start="2025-04-07T15:29:21.481911" elapsed="0.000136"/>
</return>
<msg time="2025-04-07T15:29:21.483681" level="INFO">${token} = eyJhbGciOiJIUzI1NiIsInR5cCI6IkpXVCJ9.eyJfaWQiOiI2NmRiNWU0MGU1YTAwMTU2MzRmMTM3ZTYiLCJmdWxsTmFtZSI6IlFhLUNvZGVycy1TWVNBRE1JTiIsIm1haWwiOiJzeXNhZG1pbkBxYWNvZGVycy5jb20iLCJwYXNzd29yZCI6IiQyYiQxMCRqcGFsRGF...</msg>
<var>${token}</var>
<arg>email=${mailAdm}</arg>
<arg>senha=${passwordAdm}</arg>
<doc>Request usada para pegar o token.</doc>
<status status="PASS" start="2025-04-07T15:29:21.176899" elapsed="0.306900"/>
</kw>
<kw name="Create Dictionary" owner="BuiltIn">
<msg time="2025-04-07T15:29:21.485605" level="INFO">${body} = {'fullName': 'Lunna Marques', 'mail': 'rmarques@example.org', 'password': '1234@Test', 'accessProfile': 'ADMIN', 'cpf': '23409817514', 'confirmPassword': '1234@Test'}</msg>
<var>${body}</var>
<arg>fullName=${person}[name]</arg>
<arg>mail=${person}[email]</arg>
<arg>password=${passwordAdm}</arg>
<arg>accessProfile=ADMIN</arg>
<arg>cpf=${person}[cpf]</arg>
<arg>confirmPassword=${passwordAdm}</arg>
<doc>Creates and returns a dictionary based on the given ``items``.</doc>
<status status="PASS" start="2025-04-07T15:29:21.484256" elapsed="0.001458"/>
</kw>
<kw name="POST On Session" owner="RequestsLibrary">
<msg time="2025-04-07T15:29:21.663755" level="INFO">POST Request : url=https://quality-eagles.qacoders.dev.br/api/user/?token=eyJhbGciOiJIUzI1NiIsInR5cCI6IkpXVCJ9.eyJfaWQiOiI2NmRiNWU0MGU1YTAwMTU2MzRmMTM3ZTYiLCJmdWxsTmFtZSI6IlFhLUNvZGVycy1TWVNBRE1JTiIsIm1haWwiOiJzeXNhZG1pbkBxYWNvZGVycy5jb20iLCJwYXNzd29yZCI6IiQyYiQxMCRqcGFsRGFZUlYuQlpTVndqM0xPYS8uQ2FxWC9CTVFzelFmNDdDZmp6dWJBTzVrRXA2anA2SyIsImFjY2Vzc1Byb2ZpbGUiOiJTWVNBRE1JTiIsImNwZiI6IjExMTExMTExMTExIiwic3RhdHVzIjp0cnVlLCJhdWRpdCI6W3sicmVnaXN0ZXJlZEJ5Ijp7InVzZXJJZCI6IjExMTExMTExMTExMTExMTExMSIsInVzZXJMb2dpbiI6InN5c2FkbWluQHFhY29kZXJzLmNvbSJ9LCJyZWdpc3RyYXRpb25EYXRlIjoic2V4dGEtZmVpcmEsIDA2LzA5LzIwMjQsIDE2OjU1OjQ0IEJSVCIsInJlZ2lzdHJhdGlvbk51bWJlciI6IjAxIiwiY29tcGFueUlkIjoiUWEuQ29kZXJzIiwiX2lkIjoiNjZkYjVlNDBlNWEwMDE1NjM0ZjEzN2U3In1dLCJfX3YiOjAsImlhdCI6MTc0NDA1MDU1OCwiZXhwIjoxNzQ0MTM2OTU4fQ.8X24-2MwkyqJ-muTvr87-fW5AtmnuUDe-rd-bf3YnfE 
 path_url=/api/user/?token=eyJhbGciOiJIUzI1NiIsInR5cCI6IkpXVCJ9.eyJfaWQiOiI2NmRiNWU0MGU1YTAwMTU2MzRmMTM3ZTYiLCJmdWxsTmFtZSI6IlFhLUNvZGVycy1TWVNBRE1JTiIsIm1haWwiOiJzeXNhZG1pbkBxYWNvZGVycy5jb20iLCJwYXNzd29yZCI6IiQyYiQxMCRqcGFsRGFZUlYuQlpTVndqM0xPYS8uQ2FxWC9CTVFzelFmNDdDZmp6dWJBTzVrRXA2anA2SyIsImFjY2Vzc1Byb2ZpbGUiOiJTWVNBRE1JTiIsImNwZiI6IjExMTExMTExMTExIiwic3RhdHVzIjp0cnVlLCJhdWRpdCI6W3sicmVnaXN0ZXJlZEJ5Ijp7InVzZXJJZCI6IjExMTExMTExMTExMTExMTExMSIsInVzZXJMb2dpbiI6InN5c2FkbWluQHFhY29kZXJzLmNvbSJ9LCJyZWdpc3RyYXRpb25EYXRlIjoic2V4dGEtZmVpcmEsIDA2LzA5LzIwMjQsIDE2OjU1OjQ0IEJSVCIsInJlZ2lzdHJhdGlvbk51bWJlciI6IjAxIiwiY29tcGFueUlkIjoiUWEuQ29kZXJzIiwiX2lkIjoiNjZkYjVlNDBlNWEwMDE1NjM0ZjEzN2U3In1dLCJfX3YiOjAsImlhdCI6MTc0NDA1MDU1OCwiZXhwIjoxNzQ0MTM2OTU4fQ.8X24-2MwkyqJ-muTvr87-fW5AtmnuUDe-rd-bf3YnfE 
 headers={'User-Agent': 'python-requests/2.32.3', 'Accept-Encoding': 'gzip, deflate', 'accept': 'application/json', 'Connection': 'keep-alive', 'Content-type': 'application/json', 'Content-Length': '166'} 
 body=b'{"fullName": "Lunna Marques", "mail": "rmarques@example.org", "password": "1234@Test", "accessProfile": "ADMIN", "cpf": "23409817514", "confirmPassword": "1234@Test"}' 
 </msg>
<msg time="2025-04-07T15:29:21.664489" level="INFO">POST Response : url=https://quality-eagles.qacoders.dev.br/api/user/?token=eyJhbGciOiJIUzI1NiIsInR5cCI6IkpXVCJ9.eyJfaWQiOiI2NmRiNWU0MGU1YTAwMTU2MzRmMTM3ZTYiLCJmdWxsTmFtZSI6IlFhLUNvZGVycy1TWVNBRE1JTiIsIm1haWwiOiJzeXNhZG1pbkBxYWNvZGVycy5jb20iLCJwYXNzd29yZCI6IiQyYiQxMCRqcGFsRGFZUlYuQlpTVndqM0xPYS8uQ2FxWC9CTVFzelFmNDdDZmp6dWJBTzVrRXA2anA2SyIsImFjY2Vzc1Byb2ZpbGUiOiJTWVNBRE1JTiIsImNwZiI6IjExMTExMTExMTExIiwic3RhdHVzIjp0cnVlLCJhdWRpdCI6W3sicmVnaXN0ZXJlZEJ5Ijp7InVzZXJJZCI6IjExMTExMTExMTExMTExMTExMSIsInVzZXJMb2dpbiI6InN5c2FkbWluQHFhY29kZXJzLmNvbSJ9LCJyZWdpc3RyYXRpb25EYXRlIjoic2V4dGEtZmVpcmEsIDA2LzA5LzIwMjQsIDE2OjU1OjQ0IEJSVCIsInJlZ2lzdHJhdGlvbk51bWJlciI6IjAxIiwiY29tcGFueUlkIjoiUWEuQ29kZXJzIiwiX2lkIjoiNjZkYjVlNDBlNWEwMDE1NjM0ZjEzN2U3In1dLCJfX3YiOjAsImlhdCI6MTc0NDA1MDU1OCwiZXhwIjoxNzQ0MTM2OTU4fQ.8X24-2MwkyqJ-muTvr87-fW5AtmnuUDe-rd-bf3YnfE 
 status=201, reason=Created 
 headers={'Server': 'nginx/1.18.0 (Ubuntu)', 'Date': 'Mon, 07 Apr 2025 18:29:18 GMT', 'Content-Type': 'application/json; charset=utf-8', 'Content-Length': '458', 'Connection': 'keep-alive', 'X-Powered-By': 'Express', 'Access-Control-Allow-Origin': '*', 'ETag': 'W/"1ca-yXsWcrhMSWLCkHvAyrX0a/s0fHw"'} 
 body={"msg":"Olá Lunna Marques, cadastro realizado com sucesso.","user":{"_id":"67f4197eff7ef081838c415d","fullName":"Lunna Marques","mail":"rmarques@example.org","accessProfile":"ADMIN","cpf":"23409817514","status":true,"audit":[{"registeredBy":{"userId":"66db5e40e5a0015634f137e6","userLogin":"sysadmin@qacoders.com"},"registrationDate":"segunda-feira, 07/04/2025, 15:29:18 BRT","registrationNumber":"QaCoders-6543","_id":"67f4197eff7ef081838c415e"}],"__v":0}} 
 </msg>
<msg time="2025-04-07T15:29:21.664945" level="INFO">${resposta} = &lt;Response [201]&gt;</msg>
<var>${resposta}</var>
<arg>alias=eagles</arg>
<arg>expected_status=any</arg>
<arg>url=user/?token=${token}</arg>
<arg>json=${body}</arg>
<doc>Sends a POST request on a previously created HTTP Session.</doc>
<status status="PASS" start="2025-04-07T15:29:21.486152" elapsed="0.178897"/>
</kw>
<return>
<value>${resposta.json()['user']}</value>
<status status="PASS" start="2025-04-07T15:29:21.665293" elapsed="0.000133"/>
</return>
<msg time="2025-04-07T15:29:21.667113" level="INFO">${user_ID} = {'_id': '67f4197eff7ef081838c415d', 'fullName': 'Lunna Marques', 'mail': 'rmarques@example.org', 'accessProfile': 'ADMIN', 'cpf': '23409817514', 'status': True, 'audit': [{'registeredBy': {'userId': '...</msg>
<var>${user_ID}</var>
<doc>Keyword que cria um usuário</doc>
<status status="PASS" start="2025-04-07T15:29:21.174711" elapsed="0.492523"/>
</kw>
<kw name="Put Status">
<kw name="Pegar Token">
<kw name="Create Dictionary" owner="BuiltIn">
<msg time="2025-04-07T15:29:21.673752" level="INFO">${body} = {'mail': 'mariafernandes@example.net', 'password': '1234@Test'}</msg>
<var>${body}</var>
<arg>mail=${email}</arg>
<arg>password=${senha}</arg>
<doc>Creates and returns a dictionary based on the given ``items``.</doc>
[...]
</kw>
<kw name="Create Dictionary" owner="BuiltIn">
<msg time="2025-04-07T15:29:30.209481" level="INFO">${body} = {'address': [{'zipCode': 99999995, 'city': 'Rocha', 'state': 'MG', 'district': 'Trevo', 'street': 'Estrada de Sá', 'number': 11122233344, 'complement': 'Ribeiro De Abreu', 'country': 'Somália'}]}</msg>
<var>${body}</var>
<arg>address=${address_exec}</arg>
<doc>Creates and returns a dictionary based on the given ``items``.</doc>
<status status="PASS" start="2025-04-07T15:29:30.207633" elapsed="0.001975"/>
</kw>
<kw name="PUT On Session" owner="RequestsLibrary">
<msg time="2025-04-07T15:29:30.301098" level="INFO">PUT Request : url=https://quality-eagles.qacoders.dev.br/api/company/address/67f41984ff7ef081838c66f5?token=eyJhbGciOiJIUzI1NiIsInR5cCI6IkpXVCJ9.eyJfaWQiOiI2NmRiNWU0MGU1YTAwMTU2MzRmMTM3ZTYiLCJmdWxsTmFtZSI6IlFhLUNvZGVycy1TWVNBRE1JTiIsIm1haWwiOiJzeXNhZG1pbkBxYWNvZGVycy5jb20iLCJwYXNzd29yZCI6IiQyYiQxMCRqcGFsRGFZUlYuQlpTVndqM0xPYS8uQ2FxWC9CTVFzelFmNDdDZmp6dWJBTzVrRXA2anA2SyIsImFjY2Vzc1Byb2ZpbGUiOiJTWVNBRE1JTiIsImNwZiI6IjExMTExMTExMTExIiwic3RhdHVzIjp0cnVlLCJhdWRpdCI6W3sicmVnaXN0ZXJlZEJ5Ijp7InVzZXJJZCI6IjExMTExMTExMTExMTExMTExMSIsInVzZXJMb2dpbiI6InN5c2FkbWluQHFhY29kZXJzLmNvbSJ9LCJyZWdpc3RyYXRpb25EYXRlIjoic2V4dGEtZmVpcmEsIDA2LzA5LzIwMjQsIDE2OjU1OjQ0IEJSVCIsInJlZ2lzdHJhdGlvbk51bWJlciI6IjAxIiwiY29tcGFueUlkIjoiUWEuQ29kZXJzIiwiX2lkIjoiNjZkYjVlNDBlNWEwMDE1NjM0ZjEzN2U3In1dLCJfX3YiOjAsImlhdCI6MTc0NDA1MDU2NywiZXhwIjoxNzQ0MTM2OTY3fQ.8FmjOyKUIRDjO0d9ZsPlC--XWA5UVxQQGvMarsneRBc 
 path_url=/api/company/address/67f41984ff7ef081838c66f5?token=eyJhbGciOiJIUzI1NiIsInR5cCI6IkpXVCJ9.eyJfaWQiOiI2NmRiNWU0MGU1YTAwMTU2MzRmMTM3ZTYiLCJmdWxsTmFtZSI6IlFhLUNvZGVycy1TWVNBRE1JTiIsIm1haWwiOiJzeXNhZG1pbkBxYWNvZGVycy5jb20iLCJwYXNzd29yZCI6IiQyYiQxMCRqcGFsRGFZUlYuQlpTVndqM0xPYS8uQ2FxWC9CTVFzelFmNDdDZmp6dWJBTzVrRXA2anA2SyIsImFjY2Vzc1Byb2ZpbGUiOiJTWVNBRE1JTiIsImNwZiI6IjExMTExMTExMTExIiwic3RhdHVzIjp0cnVlLCJhdWRpdCI6W3sicmVnaXN0ZXJlZEJ5Ijp7InVzZXJJZCI6IjExMTExMTExMTExMTExMTExMSIsInVzZXJMb2dpbiI6InN5c2FkbWluQHFhY29kZXJzLmNvbSJ9LCJyZWdpc3RyYXRpb25EYXRlIjoic2V4dGEtZmVpcmEsIDA2LzA5LzIwMjQsIDE2OjU1OjQ0IEJSVCIsInJlZ2lzdHJhdGlvbk51bWJlciI6IjAxIiwiY29tcGFueUlkIjoiUWEuQ29kZXJzIiwiX2lkIjoiNjZkYjVlNDBlNWEwMDE1NjM0ZjEzN2U3In1dLCJfX3YiOjAsImlhdCI6MTc0NDA1MDU2NywiZXhwIjoxNzQ0MTM2OTY3fQ.8FmjOyKUIRDjO0d9ZsPlC--XWA5UVxQQGvMarsneRBc 
 headers={'User-Agent': 'python-requests/2.32.3', 'Accept-Encoding': 'gzip, deflate', 'accept': 'application/json', 'Connection': 'keep-alive', 'Content-type': 'application/json', 'Content-Length': '205'} 
 body=b'{"address": [{"zipCode": 99999995, "city": "Rocha", "state": "MG", "district": "Trevo", "street": "Estrada de S\\u00e1", "number": 11122233344, "complement": "Ribeiro De Abreu", "country": "Som\\u00e1lia"}]}' 
 </msg>
<msg time="2025-04-07T15:29:30.301299" level="INFO">PUT Response : url=https://quality-eagles.qacoders.dev.br/api/company/address/67f41984ff7ef081838c66f5?token=eyJhbGciOiJIUzI1NiIsInR5cCI6IkpXVCJ9.eyJfaWQiOiI2NmRiNWU0MGU1YTAwMTU2MzRmMTM3ZTYiLCJmdWxsTmFtZSI6IlFhLUNvZGVycy1TWVNBRE1JTiIsIm1haWwiOiJzeXNhZG1pbkBxYWNvZGVycy5jb20iLCJwYXNzd29yZCI6IiQyYiQxMCRqcGFsRGFZUlYuQlpTVndqM0xPYS8uQ2FxWC9CTVFzelFmNDdDZmp6dWJBTzVrRXA2anA2SyIsImFjY2Vzc1Byb2ZpbGUiOiJTWVNBRE1JTiIsImNwZiI6IjExMTExMTExMTExIiwic3RhdHVzIjp0cnVlLCJhdWRpdCI6W3sicmVnaXN0ZXJlZEJ5Ijp7InVzZXJJZCI6IjExMTExMTExMTExMTExMTExMSIsInVzZXJMb2dpbiI6InN5c2FkbWluQHFhY29kZXJzLmNvbSJ9LCJyZWdpc3RyYXRpb25EYXRlIjoic2V4dGEtZmVpcmEsIDA2LzA5LzIwMjQsIDE2OjU1OjQ0IEJSVCIsInJlZ2lzdHJhdGlvbk51bWJlciI6IjAxIiwiY29tcGFueUlkIjoiUWEuQ29kZXJzIiwiX2lkIjoiNjZkYjVlNDBlNWEwMDE1NjM0ZjEzN2U3In1dLCJfX3YiOjAsImlhdCI6MTc0NDA1MDU2NywiZXhwIjoxNzQ0MTM2OTY3fQ.8FmjOyKUIRDjO0d9ZsPlC--XWA5UVxQQGvMarsneRBc 
 status=400, reason=Bad Request 
 headers={'Server': 'nginx/1.18.0 (Ubuntu)', 'Date': 'Mon, 07 Apr 2025 18:29:27 GMT', 'Content-Type': 'application/json; charset=utf-8', 'Content-Length': '70', 'Connection': 'keep-alive', 'X-Powered-By': 'Express', 'Access-Control-Allow-Origin': '*', 'ETag': 'W/"46-m8UCKtozkE6iVcJetPZFz9uzS58"'} 
 body={"error":["O campo 'número' deve possuir no máximo 10 caracteres."]} 
 </msg>
<msg time="2025-04-07T15:29:30.301565" level="INFO">${resposta} = &lt;Response [400]&gt;</msg>
<var>${resposta}</var>
<arg>alias=eagles</arg>
<arg>expected_status=400</arg>
<arg>url=/company/address/${id_company}?token=${token}</arg>
<arg>json=${body}</arg>
<doc>Sends a PUT request on a previously created HTTP Session.</doc>
<status status="PASS" start="2025-04-07T15:29:30.210035" elapsed="0.091591"/>
</kw>
<return>
<value>${resposta.json()}</value>
<status status="PASS" start="2025-04-07T15:29:30.301775" elapsed="0.000082"/>
</return>
<msg time="2025-04-07T15:29:30.302897" level="INFO">${resposta} = {'error': ["O campo 'número' deve possuir no máximo 10 caracteres."]}</msg>
<var>${resposta}</var>
<arg>id_company=${idCompanyCreated}</arg>
<doc>Keyword para atualizar dados de endereço da empresa pelo ID com excedendo o limite definido</doc>
<status status="PASS" start="2025-04-07T15:29:29.864563" elapsed="0.438403"/>
</kw>
<kw name="Status Should Be" owner="RequestsLibrary">
<arg>400</arg>
<doc>Fails if response status code is different than the expected.</doc>
<status status="PASS" start="2025-04-07T15:29:30.303679" elapsed="0.000362"/>
</kw>
<status status="PASS" start="2025-04-07T15:29:29.863319" elapsed="0.441215"/>
</test>
<test id="s1-t19" name="TC19 - Atualizar Endereço da Empresa com campos em branco" line="116">
<kw name="Update Address Blank Data">
<kw name="Get Fake Address Blank Data" owner="get_fake_company">
<msg time="2025-04-07T15:29:30.308107" level="INFO">${address_blank_data} = [{'zipCode': '', 'city': '', 'state': '', 'district': '', 'street': '', 'number': '', 'complement': '', 'country': ''}]</msg>
<var>${address_blank_data}</var>
<status status="PASS" start="2025-04-07T15:29:30.307833" elapsed="0.000340"/>
</kw>
<kw name="Pegar Token">
<kw name="Create Dictionary" owner="BuiltIn">
<msg time="2025-04-07T15:29:30.309637" level="INFO">${body} = {'mail': 'sysadmin@qacoders.com', 'password': '1234@Test'}</msg>
<var>${body}</var>
<arg>mail=${email}</arg>
<arg>password=${senha}</arg>
<doc>Creates and returns a dictionary based on the given ``items``.</doc>
<status status="PASS" start="2025-04-07T15:29:30.309126" elapsed="0.000576"/>
</kw>
<kw name="Criar Sessao">
<kw name="Create Dictionary" owner="BuiltIn">
<msg time="2025-04-07T15:29:30.310792" level="INFO">${headers} = {'accept': 'application/json', 'Content-type': 'application/json'}</msg>
<var>${headers}</var>
<arg>accept=application/json</arg>
<arg>Content-type=application/json</arg>
<doc>Creates and returns a dictionary based on the given ``items``.</doc>
<status status="PASS" start="2025-04-07T15:29:30.310427" elapsed="0.000430"/>
</kw>
<kw name="Create Session" owner="RequestsLibrary">
<msg time="2025-04-07T15:29:30.311598" level="INFO">Creating Session using : alias=eagles, url=https://quality-eagles.qacoders.dev.br/api/, headers={'accept': 'application/json', 'Content-type': 'application/json'},                     cookies={}, auth=None, timeout=None, proxies=None, verify=True,                     debug=0 </msg>
<arg>alias=eagles</arg>
<arg>url=${baseUrl}</arg>
<arg>headers=${headers}</arg>
<arg>verify=True</arg>
<doc>Create Session: create a HTTP session to a server</doc>
<status status="PASS" start="2025-04-07T15:29:30.311105" elapsed="0.001060"/>
</kw>
<doc>Cria sessao inicial para usar na proxima request.</doc>
<status status="PASS" start="2025-04-07T15:29:30.309990" elapsed="0.002340"/>
</kw>
<kw name="POST On Session" owner="RequestsLibrary">
<msg time="2025-04-07T15:29:30.631230" level="INFO">POST Request : url=https://quality-eagles.qacoders.dev.br/api/login 
 path_url=/api/login 
 headers={'User-Agent': 'python-requests/2.32.3', 'Accept-Encoding': 'gzip, deflate', 'accept': 'application/json', 'Connection': 'keep-alive', 'Content-type': 'application/json', 'Content-Length': '58'} 
 body=b'{"mail": "sysadmin@qacoders.com", "password": "1234@Test"}' 
 </msg>
<msg time="2025-04-07T15:29:30.631521" level="INFO">POST Response : url=https://quality-eagles.qacoders.dev.br/api/login 
 status=200, reason=OK 
 headers={'Server': 'nginx/1.18.0 (Ubuntu)', 'Date': 'Mon, 07 Apr 2025 18:29:27 GMT', 'Content-Type': 'application/json; charset=utf-8', 'Transfer-Encoding': 'chunked', 'Connection': 'keep-alive', 'X-Powered-By': 'Express', 'Access-Control-Allow-Origin': '*', 'ETag': 'W/"534-lljJD99Ezr3ziZpJxXL6CKuQ0mI"', 'Content-Encoding': 'gzip'} 
 body={"msg":"Olá Qa-Coders-SYSADMIN, autenticação autorizada com sucesso!","user":{"_id":"66db5e40e5a0015634f137e6","fullName":"Qa-Coders-SYSADMIN","mail":"sysadmin@qacoders.com","password":"$2b$10$jpalDaYRV.BZSVwj3LOa/.CaqX/BMQszQf47CfjzubAO5kEp6jp6K","accessProfile":"SYSADMIN","cpf":"11111111111","status":true,"audit":[{"registeredBy":{"userId":"111111111111111111","userLogin":"sysadmin@qacoders.com"},"registrationDate":"sexta-feira, 06/09/2024, 16:55:44 BRT","registrationNumber":"01","companyId":"Qa.Coders","_id":"66db5e40e5a0015634f137e7"}],"__v":0},"token":"eyJhbGciOiJIUzI1NiIsInR5cCI6IkpXVCJ9.eyJfaWQiOiI2NmRiNWU0MGU1YTAwMTU2MzRmMTM3ZTYiLCJmdWxsTmFtZSI6IlFhLUNvZGVycy1TWVNBRE1JTiIsIm1haWwiOiJzeXNhZG1pbkBxYWNvZGVycy5jb20iLCJwYXNzd29yZCI6IiQyYiQxMCRqcGFsRGFZUlYuQlpTVndqM0xPYS8uQ2FxWC9CTVFzelFmNDdDZmp6dWJBTzVrRXA2anA2SyIsImFjY2Vzc1Byb2ZpbGUiOiJTWVNBRE1JTiIsImNwZiI6IjExMTExMTExMTExIiwic3RhdHVzIjp0cnVlLCJhdWRpdCI6W3sicmVnaXN0ZXJlZEJ5Ijp7InVzZXJJZCI6IjExMTExMTExMTExMTExMTExMSIsInVzZXJMb2dpbiI6InN5c2FkbWluQHFhY29kZXJzLmNvbSJ9LCJyZWdpc3RyYXRpb25EYXRlIjoic2V4dGEtZmVpcmEsIDA2LzA5LzIwMjQsIDE2OjU1OjQ0IEJSVCIsInJlZ2lzdHJhdGlvbk51bWJlciI6IjAxIiwiY29tcGFueUlkIjoiUWEuQ29kZXJzIiwiX2lkIjoiNjZkYjVlNDBlNWEwMDE1NjM0ZjEzN2U3In1dLCJfX3YiOjAsImlhdCI6MTc0NDA1MDU2NywiZXhwIjoxNzQ0MTM2OTY3fQ.8FmjOyKUIRDjO0d9ZsPlC--XWA5UVxQQGvMarsneRBc"} 
 </msg>
<msg time="2025-04-07T15:29:30.631978" level="INFO">${resposta} = &lt;Response [200]&gt;</msg>
<var>${resposta}</var>
<arg>alias=eagles</arg>
<arg>url=/login</arg>
<arg>json=${body}</arg>
<doc>Sends a POST request on a previously created HTTP Session.</doc>
<status status="PASS" start="2025-04-07T15:29:30.312543" elapsed="0.319542"/>
</kw>
<return>
<value>${resposta.json()['token']}</value>
<status status="PASS" start="2025-04-07T15:29:30.632329" elapsed="0.000134"/>
</return>
<msg time="2025-04-07T15:29:30.634206" level="INFO">${token} = eyJhbGciOiJIUzI1NiIsInR5cCI6IkpXVCJ9.eyJfaWQiOiI2NmRiNWU0MGU1YTAwMTU2MzRmMTM3ZTYiLCJmdWxsTmFtZSI6IlFhLUNvZGVycy1TWVNBRE1JTiIsIm1haWwiOiJzeXNhZG1pbkBxYWNvZGVycy5jb20iLCJwYXNzd29yZCI6IiQyYiQxMCRqcGFsRGF...</msg>
<var>${token}</var>
<arg>email=${mailAdm}</arg>
<arg>senha=${passwordAdm}</arg>
<doc>Request usada para pegar o token.</doc>
<status status="PASS" start="2025-04-07T15:29:30.308465" elapsed="0.325869"/>
</kw>
<kw name="Create Dictionary" owner="BuiltIn">
<msg time="2025-04-07T15:29:30.635702" level="INFO">${body} = {'address': [{'zipCode': '', 'city': '', 'state': '', 'district': '', 'street': '', 'number': '', 'complement': '', 'country': ''}]}</msg>
<var>${body}</var>
<arg>address=${address_blank_data}</arg>
<doc>Creates and returns a dictionary based on the given ``items``.</doc>
<status status="PASS" start="2025-04-07T15:29:30.634811" elapsed="0.001004"/>
</kw>
<kw name="PUT On Session" owner="RequestsLibrary">
<msg time="2025-04-07T15:29:30.741603" level="INFO">PUT Request : url=https://quality-eagles.qacoders.dev.br/api/company/address/67f41984ff7ef081838c66f5?token=eyJhbGciOiJIUzI1NiIsInR5cCI6IkpXVCJ9.eyJfaWQiOiI2NmRiNWU0MGU1YTAwMTU2MzRmMTM3ZTYiLCJmdWxsTmFtZSI6IlFhLUNvZGVycy1TWVNBRE1JTiIsIm1haWwiOiJzeXNhZG1pbkBxYWNvZGVycy5jb20iLCJwYXNzd29yZCI6IiQyYiQxMCRqcGFsRGFZUlYuQlpTVndqM0xPYS8uQ2FxWC9CTVFzelFmNDdDZmp6dWJBTzVrRXA2anA2SyIsImFjY2Vzc1Byb2ZpbGUiOiJTWVNBRE1JTiIsImNwZiI6IjExMTExMTExMTExIiwic3RhdHVzIjp0cnVlLCJhdWRpdCI6W3sicmVnaXN0ZXJlZEJ5Ijp7InVzZXJJZCI6IjExMTExMTExMTExMTExMTExMSIsInVzZXJMb2dpbiI6InN5c2FkbWluQHFhY29kZXJzLmNvbSJ9LCJyZWdpc3RyYXRpb25EYXRlIjoic2V4dGEtZmVpcmEsIDA2LzA5LzIwMjQsIDE2OjU1OjQ0IEJSVCIsInJlZ2lzdHJhdGlvbk51bWJlciI6IjAxIiwiY29tcGFueUlkIjoiUWEuQ29kZXJzIiwiX2lkIjoiNjZkYjVlNDBlNWEwMDE1NjM0ZjEzN2U3In1dLCJfX3YiOjAsImlhdCI6MTc0NDA1MDU2NywiZXhwIjoxNzQ0MTM2OTY3fQ.8FmjOyKUIRDjO0d9ZsPlC--XWA5UVxQQGvMarsneRBc 
 path_url=/api/company/address/67f41984ff7ef081838c66f5?token=eyJhbGciOiJIUzI1NiIsInR5cCI6IkpXVCJ9.eyJfaWQiOiI2NmRiNWU0MGU1YTAwMTU2MzRmMTM3ZTYiLCJmdWxsTmFtZSI6IlFhLUNvZGVycy1TWVNBRE1JTiIsIm1haWwiOiJzeXNhZG1pbkBxYWNvZGVycy5jb20iLCJwYXNzd29yZCI6IiQyYiQxMCRqcGFsRGFZUlYuQlpTVndqM0xPYS8uQ2FxWC9CTVFzelFmNDdDZmp6dWJBTzVrRXA2anA2SyIsImFjY2Vzc1Byb2ZpbGUiOiJTWVNBRE1JTiIsImNwZiI6IjExMTExMTExMTExIiwic3RhdHVzIjp0cnVlLCJhdWRpdCI6W3sicmVnaXN0ZXJlZEJ5Ijp7InVzZXJJZCI6IjExMTExMTExMTExMTExMTExMSIsInVzZXJMb2dpbiI6InN5c2FkbWluQHFhY29kZXJzLmNvbSJ9LCJyZWdpc3RyYXRpb25EYXRlIjoic2V4dGEtZmVpcmEsIDA2LzA5LzIwMjQsIDE2OjU1OjQ0IEJSVCIsInJlZ2lzdHJhdGlvbk51bWJlciI6IjAxIiwiY29tcGFueUlkIjoiUWEuQ29kZXJzIiwiX2lkIjoiNjZkYjVlNDBlNWEwMDE1NjM0ZjEzN2U3In1dLCJfX3YiOjAsImlhdCI6MTc0NDA1MDU2NywiZXhwIjoxNzQ0MTM2OTY3fQ.8FmjOyKUIRDjO0d9ZsPlC--XWA5UVxQQGvMarsneRBc 
 headers={'User-Agent': 'python-requests/2.32.3', 'Accept-Encoding': 'gzip, deflate', 'accept': 'application/json', 'Connection': 'keep-alive', 'Content-type': 'application/json', 'Content-Length': '132'} 
 body=b'{"address": [{"zipCode": "", "city": "", "state": "", "district": "", "street": "", "number": "", "complement": "", "country": ""}]}' 
 </msg>
<msg time="2025-04-07T15:29:30.741935" level="INFO">PUT Response : url=https://quality-eagles.qacoders.dev.br/api/company/address/67f41984ff7ef081838c66f5?token=eyJhbGciOiJIUzI1NiIsInR5cCI6IkpXVCJ9.eyJfaWQiOiI2NmRiNWU0MGU1YTAwMTU2MzRmMTM3ZTYiLCJmdWxsTmFtZSI6IlFhLUNvZGVycy1TWVNBRE1JTiIsIm1haWwiOiJzeXNhZG1pbkBxYWNvZGVycy5jb20iLCJwYXNzd29yZCI6IiQyYiQxMCRqcGFsRGFZUlYuQlpTVndqM0xPYS8uQ2FxWC9CTVFzelFmNDdDZmp6dWJBTzVrRXA2anA2SyIsImFjY2Vzc1Byb2ZpbGUiOiJTWVNBRE1JTiIsImNwZiI6IjExMTExMTExMTExIiwic3RhdHVzIjp0cnVlLCJhdWRpdCI6W3sicmVnaXN0ZXJlZEJ5Ijp7InVzZXJJZCI6IjExMTExMTExMTExMTExMTExMSIsInVzZXJMb2dpbiI6InN5c2FkbWluQHFhY29kZXJzLmNvbSJ9LCJyZWdpc3RyYXRpb25EYXRlIjoic2V4dGEtZmVpcmEsIDA2LzA5LzIwMjQsIDE2OjU1OjQ0IEJSVCIsInJlZ2lzdHJhdGlvbk51bWJlciI6IjAxIiwiY29tcGFueUlkIjoiUWEuQ29kZXJzIiwiX2lkIjoiNjZkYjVlNDBlNWEwMDE1NjM0ZjEzN2U3In1dLCJfX3YiOjAsImlhdCI6MTc0NDA1MDU2NywiZXhwIjoxNzQ0MTM2OTY3fQ.8FmjOyKUIRDjO0d9ZsPlC--XWA5UVxQQGvMarsneRBc 
 status=400, reason=Bad Request 
 headers={'Server': 'nginx/1.18.0 (Ubuntu)', 'Date': 'Mon, 07 Apr 2025 18:29:27 GMT', 'Content-Type': 'application/json; charset=utf-8', 'Content-Length': '262', 'Connection': 'keep-alive', 'X-Powered-By': 'Express', 'Access-Control-Allow-Origin': '*', 'ETag': 'W/"106-ORfMqp9TNhwGZ3gwGE7wi2VWpQg"'} 
 body={"error":["O campo 'CEP' é obrigatório.","O campo País é obrigatório.","O campo 'cidade' é obrigatório.","O campo 'estado' é obrigatório.","O campo 'bairro' é obrigatório.","O campo 'logradouro' é obrigatório.","O campo 'número' é obrigatório."]} 
 </msg>
<msg time="2025-04-07T15:29:30.742376" level="INFO">${resposta} = &lt;Response [400]&gt;</msg>
<var>${resposta}</var>
<arg>alias=eagles</arg>
<arg>expected_status=400</arg>
<arg>url=company/address/${id_company}?token=${token}</arg>
<arg>json=${body}</arg>
<doc>Sends a PUT request on a previously created HTTP Session.</doc>
<status status="PASS" start="2025-04-07T15:29:30.636207" elapsed="0.106273"/>
</kw>
<return>
<value>${resposta.json()}</value>
<status status="PASS" start="2025-04-07T15:29:30.743073" elapsed="0.000136"/>
</return>
<msg time="2025-04-07T15:29:30.745542" level="INFO">${reposta} = {'error': ["O campo 'CEP' é obrigatório.", 'O campo País é obrigatório.', "O campo 'cidade' é obrigatório.", "O campo 'estado' é obrigatório.", "O campo 'bairro' é obrigatório.", "O campo 'logradouro'...</msg>
<var>${reposta}</var>
<arg>id_company=${idCompanyCreated}</arg>
<doc>Keyword para tentar atualizar dados de endereço da empresa enviando campos em branco</doc>
<status status="PASS" start="2025-04-07T15:29:30.307185" elapsed="0.438496"/>
</kw>
<kw name="Status Should Be" owner="RequestsLibrary">
<arg>400</arg>
<doc>Fails if response status code is different than the expected.</doc>
<status status="PASS" start="2025-04-07T15:29:30.746668" elapsed="0.000470"/>
</kw>
<status status="PASS" start="2025-04-07T15:29:30.306233" elapsed="0.441743"/>
</test>
<test id="s1-t20" name="TC20 - Atualizar Status da Empresa com Token Invalido" line="121">
<kw name="Update Status Company With Invalid Token">
<kw name="Create Dictionary" owner="BuiltIn">
<msg time="2025-04-07T15:29:30.754307" level="INFO">${body} = {'status': 'false'}</msg>
<var>${body}</var>
<arg>status=false</arg>
<doc>Creates and returns a dictionary based on the given ``items``.</doc>
<status status="PASS" start="2025-04-07T15:29:30.753694" elapsed="0.000726"/>
</kw>
<kw name="PUT On Session" owner="RequestsLibrary">
<msg time="2025-04-07T15:29:30.838058" level="INFO">PUT Request : url=https://quality-eagles.qacoders.dev.br/api/company/status/67f41984ff7ef081838c66f5?token=fsdfsdfsdfsdfwer234324eww 
 path_url=/api/company/status/67f41984ff7ef081838c66f5?token=fsdfsdfsdfsdfwer234324eww 
 headers={'User-Agent': 'python-requests/2.32.3', 'Accept-Encoding': 'gzip, deflate', 'accept': 'application/json', 'Connection': 'keep-alive', 'Content-type': 'application/json', 'Content-Length': '19'} 
 body=b'{"status": "false"}' 
 </msg>
<msg time="2025-04-07T15:29:30.838247" level="INFO">PUT Response : url=https://quality-eagles.qacoders.dev.br/api/company/status/67f41984ff7ef081838c66f5?token=fsdfsdfsdfsdfwer234324eww 
 status=403, reason=Forbidden 
 headers={'Server': 'nginx/1.18.0 (Ubuntu)', 'Date': 'Mon, 07 Apr 2025 18:29:27 GMT', 'Content-Type': 'application/json; charset=utf-8', 'Transfer-Encoding': 'chunked', 'Connection': 'keep-alive', 'X-Powered-By': 'Express', 'Access-Control-Allow-Origin': '*', 'ETag': 'W/"2c-xKef5yLjBxNw1obTC++VAJHdlUI"', 'Content-Encoding': 'gzip'} 
 body={"errors":["Failed to authenticate token."]} 
 </msg>
<msg time="2025-04-07T15:29:30.838519" level="INFO">${resposta} = &lt;Response [403]&gt;</msg>
<var>${resposta}</var>
<arg>alias=eagles</arg>
<arg>expected_status=403</arg>
<arg>url=/company/status/${id_company}?token=${invalidToken}</arg>
<arg>json=${body}</arg>
<doc>Sends a PUT request on a previously created HTTP Session.</doc>
<status status="PASS" start="2025-04-07T15:29:30.754806" elapsed="0.083785"/>
</kw>
<return>
<value>${resposta.json()}</value>
<status status="PASS" start="2025-04-07T15:29:30.838765" elapsed="0.000087"/>
</return>
<msg time="2025-04-07T15:29:30.841077" level="INFO">${resposta} = {'errors': ['Failed to authenticate token.']}</msg>
<var>${resposta}</var>
<arg>id_company=${idCompanyCreated}</arg>
<doc>KeyWord para tentar atuaçizar status da empresa utilizando token invalido</doc>
<status status="PASS" start="2025-04-07T15:29:30.752581" elapsed="0.088650"/>
</kw>
<kw name="Log To Console" owner="BuiltIn">
<arg>message=Retorno Atualização de Status: ${resposta}</arg>
<doc>Logs the given message to the console.</doc>
<status status="PASS" start="2025-04-07T15:29:30.842118" elapsed="0.003138"/>
</kw>
<kw name="Status Should Be" owner="RequestsLibrary">
<arg>403</arg>
<doc>Fails if response status code is different than the expected.</doc>
<status status="PASS" start="2025-04-07T15:29:30.845917" elapsed="0.000328"/>
</kw>
<kw name="Should Be Equal" owner="BuiltIn">
<arg>Failed to authenticate token.</arg>
<arg>${resposta['errors'][0]}</arg>
<doc>Fails if the given objects are unequal.</doc>
<status status="PASS" start="2025-04-07T15:29:30.846858" elapsed="0.001198"/>
</kw>
<status status="PASS" start="2025-04-07T15:29:30.750873" elapsed="0.097781"/>
</test>
<status status="PASS" start="2025-04-07T15:29:15.897736" elapsed="14.953847"/>
</suite>
<statistics>
<total>
<stat pass="20" fail="0" skip="0">All Tests</stat>
</total>
<tag>
</tag>
<suite>
<stat name="Api" id="s1" pass="20" fail="0" skip="0">Api</stat>
</suite>
</statistics>
<errors>
</errors>
</robot>
